{"/Users/dannagano-gerace/firecomm/firecomm/index.js": {"path":"/Users/dannagano-gerace/firecomm/firecomm/index.js","statementMap":{"0":{"start":{"line":1,"column":13},"end":{"line":1,"column":28}},"1":{"start":{"line":2,"column":20},"end":{"line":2,"column":49}},"2":{"start":{"line":4,"column":14},"end":{"line":4,"column":36}},"3":{"start":{"line":5,"column":15},"end":{"line":5,"column":38}},"4":{"start":{"line":6,"column":13},"end":{"line":6,"column":34}},"5":{"start":{"line":8,"column":0},"end":{"line":12,"column":2}}},"fnMap":{},"branchMap":{},"s":{"0":2,"1":2,"2":2,"3":2,"4":2,"5":2},"f":{},"b":{},"_coverageSchema":"43e27e138ebf9cfc5966b082cf9a028302ed4184","hash":"b0dc4fa10d9625df6df599f1affc40e2c93e5d2a"}
,"/Users/dannagano-gerace/firecomm/firecomm/lib/Server.js": {"path":"/Users/dannagano-gerace/firecomm/firecomm/lib/Server.js","statementMap":{"0":{"start":{"line":1,"column":13},"end":{"line":1,"column":28}},"1":{"start":{"line":2,"column":16},"end":{"line":2,"column":36}},"2":{"start":{"line":3,"column":11},"end":{"line":3,"column":24}},"3":{"start":{"line":5,"column":0},"end":{"line":121,"column":2}},"4":{"start":{"line":7,"column":4},"end":{"line":7,"column":36}},"5":{"start":{"line":21,"column":4},"end":{"line":25,"column":7}},"6":{"start":{"line":22,"column":6},"end":{"line":22,"column":42}},"7":{"start":{"line":24,"column":6},"end":{"line":24,"column":34}},"8":{"start":{"line":26,"column":21},"end":{"line":26,"column":39}},"9":{"start":{"line":27,"column":17},"end":{"line":27,"column":43}},"10":{"start":{"line":28,"column":4},"end":{"line":42,"column":5}},"11":{"start":{"line":28,"column":17},"end":{"line":28,"column":18}},"12":{"start":{"line":29,"column":28},"end":{"line":29,"column":50}},"13":{"start":{"line":30,"column":6},"end":{"line":40,"column":7}},"14":{"start":{"line":31,"column":8},"end":{"line":35,"column":9}},"15":{"start":{"line":32,"column":10},"end":{"line":32,"column":70}},"16":{"start":{"line":34,"column":10},"end":{"line":34,"column":72}},"17":{"start":{"line":37,"column":8},"end":{"line":39,"column":9}},"18":{"start":{"line":38,"column":10},"end":{"line":38,"column":46}},"19":{"start":{"line":41,"column":6},"end":{"line":41,"column":80}},"20":{"start":{"line":43,"column":4},"end":{"line":43,"column":39}},"21":{"start":{"line":44,"column":4},"end":{"line":44,"column":46}},"22":{"start":{"line":86,"column":16},"end":{"line":86,"column":27}},"23":{"start":{"line":87,"column":4},"end":{"line":93,"column":5}},"24":{"start":{"line":88,"column":6},"end":{"line":88,"column":23}},"25":{"start":{"line":92,"column":6},"end":{"line":92,"column":39}},"26":{"start":{"line":92,"column":24},"end":{"line":92,"column":37}},"27":{"start":{"line":94,"column":4},"end":{"line":94,"column":64}},"28":{"start":{"line":96,"column":8},"end":{"line":115,"column":5}},"29":{"start":{"line":96,"column":21},"end":{"line":96,"column":22}},"30":{"start":{"line":97,"column":6},"end":{"line":114,"column":7}},"31":{"start":{"line":98,"column":8},"end":{"line":98,"column":76}},"32":{"start":{"line":101,"column":69},"end":{"line":101,"column":75}},"33":{"start":{"line":103,"column":8},"end":{"line":104,"column":74}},"34":{"start":{"line":106,"column":30},"end":{"line":106,"column":64}},"35":{"start":{"line":107,"column":25},"end":{"line":107,"column":60}},"36":{"start":{"line":109,"column":12},"end":{"line":109,"column":64}},"37":{"start":{"line":111,"column":8},"end":{"line":113,"column":74}},"38":{"start":{"line":119,"column":4},"end":{"line":119,"column":24}}},"fnMap":{"0":{"name":"(anonymous_0)","decl":{"start":{"line":6,"column":2},"end":{"line":6,"column":3}},"loc":{"start":{"line":6,"column":16},"end":{"line":8,"column":3}},"line":6},"1":{"name":"(anonymous_1)","decl":{"start":{"line":18,"column":2},"end":{"line":18,"column":3}},"loc":{"start":{"line":18,"column":66},"end":{"line":45,"column":3}},"line":18},"2":{"name":"(anonymous_2)","decl":{"start":{"line":84,"column":2},"end":{"line":84,"column":3}},"loc":{"start":{"line":84,"column":21},"end":{"line":116,"column":3}},"line":84},"3":{"name":"(anonymous_3)","decl":{"start":{"line":92,"column":19},"end":{"line":92,"column":20}},"loc":{"start":{"line":92,"column":24},"end":{"line":92,"column":37}},"line":92},"4":{"name":"(anonymous_4)","decl":{"start":{"line":118,"column":2},"end":{"line":118,"column":3}},"loc":{"start":{"line":118,"column":10},"end":{"line":120,"column":3}},"line":118}},"branchMap":{"0":{"loc":{"start":{"line":21,"column":4},"end":{"line":25,"column":7}},"type":"if","locations":[{"start":{"line":21,"column":4},"end":{"line":25,"column":7}},{"start":{"line":21,"column":4},"end":{"line":25,"column":7}}],"line":21},"1":{"loc":{"start":{"line":30,"column":6},"end":{"line":40,"column":7}},"type":"if","locations":[{"start":{"line":30,"column":6},"end":{"line":40,"column":7}},{"start":{"line":30,"column":6},"end":{"line":40,"column":7}}],"line":30},"2":{"loc":{"start":{"line":31,"column":8},"end":{"line":35,"column":9}},"type":"if","locations":[{"start":{"line":31,"column":8},"end":{"line":35,"column":9}},{"start":{"line":31,"column":8},"end":{"line":35,"column":9}}],"line":31},"3":{"loc":{"start":{"line":37,"column":8},"end":{"line":39,"column":9}},"type":"if","locations":[{"start":{"line":37,"column":8},"end":{"line":39,"column":9}},{"start":{"line":37,"column":8},"end":{"line":39,"column":9}}],"line":37},"4":{"loc":{"start":{"line":87,"column":4},"end":{"line":93,"column":5}},"type":"if","locations":[{"start":{"line":87,"column":4},"end":{"line":93,"column":5}},{"start":{"line":87,"column":4},"end":{"line":93,"column":5}}],"line":87},"5":{"loc":{"start":{"line":97,"column":6},"end":{"line":114,"column":7}},"type":"if","locations":[{"start":{"line":97,"column":6},"end":{"line":114,"column":7}},{"start":{"line":97,"column":6},"end":{"line":114,"column":7}}],"line":97}},"s":{"0":2,"1":2,"2":2,"3":2,"4":0,"5":0,"6":0,"7":0,"8":0,"9":0,"10":0,"11":0,"12":0,"13":0,"14":0,"15":0,"16":0,"17":0,"18":0,"19":0,"20":0,"21":0,"22":0,"23":0,"24":0,"25":0,"26":0,"27":0,"28":0,"29":0,"30":0,"31":0,"32":0,"33":0,"34":0,"35":0,"36":0,"37":0,"38":0},"f":{"0":0,"1":0,"2":0,"3":0,"4":0},"b":{"0":[0,0],"1":[0,0],"2":[0,0],"3":[0,0],"4":[0,0],"5":[0,0]},"_coverageSchema":"43e27e138ebf9cfc5966b082cf9a028302ed4184","hash":"1a6487580a92a53bcee782593fb36dd08051ffc8"}
,"/Users/dannagano-gerace/firecomm/firecomm/lib/Stub.js": {"path":"/Users/dannagano-gerace/firecomm/firecomm/lib/Stub.js","statementMap":{"0":{"start":{"line":1,"column":13},"end":{"line":1,"column":28}},"1":{"start":{"line":2,"column":11},"end":{"line":2,"column":24}},"2":{"start":{"line":4,"column":21},"end":{"line":4,"column":52}},"3":{"start":{"line":6,"column":22},"end":{"line":6,"column":54}},"4":{"start":{"line":8,"column":20},"end":{"line":8,"column":46}},"5":{"start":{"line":10,"column":0},"end":{"line":81,"column":1}},"6":{"start":{"line":13,"column":6},"end":{"line":13,"column":36}},"7":{"start":{"line":14,"column":6},"end":{"line":14,"column":49}},"8":{"start":{"line":22,"column":21},"end":{"line":22,"column":63}},"9":{"start":{"line":23,"column":25},"end":{"line":23,"column":46}},"10":{"start":{"line":25,"column":10},"end":{"line":25,"column":63}},"11":{"start":{"line":26,"column":6},"end":{"line":70,"column":7}},"12":{"start":{"line":27,"column":8},"end":{"line":46,"column":9}},"13":{"start":{"line":29,"column":23},"end":{"line":29,"column":27}},"14":{"start":{"line":30,"column":27},"end":{"line":30,"column":51}},"15":{"start":{"line":31,"column":10},"end":{"line":45,"column":11}},"16":{"start":{"line":32,"column":12},"end":{"line":32,"column":72}},"17":{"start":{"line":33,"column":12},"end":{"line":42,"column":15}},"18":{"start":{"line":34,"column":14},"end":{"line":41,"column":21}},"19":{"start":{"line":36,"column":20},"end":{"line":36,"column":79}},"20":{"start":{"line":37,"column":20},"end":{"line":39,"column":21}},"21":{"start":{"line":38,"column":22},"end":{"line":38,"column":34}},"22":{"start":{"line":40,"column":20},"end":{"line":40,"column":38}},"23":{"start":{"line":44,"column":12},"end":{"line":44,"column":72}},"24":{"start":{"line":47,"column":13},"end":{"line":70,"column":7}},"25":{"start":{"line":48,"column":21},"end":{"line":48,"column":25}},"26":{"start":{"line":49,"column":8},"end":{"line":53,"column":9}},"27":{"start":{"line":50,"column":27},"end":{"line":50,"column":51}},"28":{"start":{"line":51,"column":31},"end":{"line":51,"column":63}},"29":{"start":{"line":52,"column":10},"end":{"line":52,"column":60}},"30":{"start":{"line":54,"column":13},"end":{"line":70,"column":7}},"31":{"start":{"line":55,"column":21},"end":{"line":55,"column":25}},"32":{"start":{"line":56,"column":8},"end":{"line":60,"column":9}},"33":{"start":{"line":57,"column":27},"end":{"line":57,"column":51}},"34":{"start":{"line":58,"column":31},"end":{"line":58,"column":63}},"35":{"start":{"line":59,"column":10},"end":{"line":59,"column":59}},"36":{"start":{"line":61,"column":13},"end":{"line":70,"column":7}},"37":{"start":{"line":62,"column":21},"end":{"line":62,"column":25}},"38":{"start":{"line":63,"column":8},"end":{"line":67,"column":9}},"39":{"start":{"line":64,"column":27},"end":{"line":64,"column":51}},"40":{"start":{"line":65,"column":31},"end":{"line":65,"column":63}},"41":{"start":{"line":66,"column":10},"end":{"line":66,"column":50}},"42":{"start":{"line":69,"column":8},"end":{"line":69,"column":49}},"43":{"start":{"line":73,"column":2},"end":{"line":80,"column":3}},"44":{"start":{"line":74,"column":4},"end":{"line":74,"column":61}},"45":{"start":{"line":77,"column":45},"end":{"line":77,"column":51}},"46":{"start":{"line":78,"column":28},"end":{"line":78,"column":62}},"47":{"start":{"line":79,"column":4},"end":{"line":79,"column":71}}},"fnMap":{"0":{"name":"Stub","decl":{"start":{"line":10,"column":26},"end":{"line":10,"column":30}},"loc":{"start":{"line":10,"column":64},"end":{"line":81,"column":1}},"line":10},"1":{"name":"(anonymous_1)","decl":{"start":{"line":12,"column":4},"end":{"line":12,"column":5}},"loc":{"start":{"line":12,"column":40},"end":{"line":19,"column":5}},"line":12},"2":{"name":"(anonymous_2)","decl":{"start":{"line":21,"column":4},"end":{"line":21,"column":5}},"loc":{"start":{"line":21,"column":29},"end":{"line":71,"column":5}},"line":21},"3":{"name":"(anonymous_3)","decl":{"start":{"line":27,"column":30},"end":{"line":27,"column":31}},"loc":{"start":{"line":28,"column":57},"end":{"line":46,"column":9}},"line":28},"4":{"name":"(anonymous_4)","decl":{"start":{"line":33,"column":31},"end":{"line":33,"column":32}},"loc":{"start":{"line":33,"column":52},"end":{"line":42,"column":13}},"line":33},"5":{"name":"(anonymous_5)","decl":{"start":{"line":35,"column":51},"end":{"line":35,"column":52}},"loc":{"start":{"line":35,"column":70},"end":{"line":41,"column":19}},"line":35},"6":{"name":"(anonymous_6)","decl":{"start":{"line":49,"column":30},"end":{"line":49,"column":31}},"loc":{"start":{"line":49,"column":79},"end":{"line":53,"column":9}},"line":49},"7":{"name":"(anonymous_7)","decl":{"start":{"line":56,"column":30},"end":{"line":56,"column":31}},"loc":{"start":{"line":56,"column":78},"end":{"line":60,"column":9}},"line":56},"8":{"name":"(anonymous_8)","decl":{"start":{"line":63,"column":30},"end":{"line":63,"column":31}},"loc":{"start":{"line":63,"column":69},"end":{"line":67,"column":9}},"line":63}},"branchMap":{"0":{"loc":{"start":{"line":26,"column":6},"end":{"line":70,"column":7}},"type":"if","locations":[{"start":{"line":26,"column":6},"end":{"line":70,"column":7}},{"start":{"line":26,"column":6},"end":{"line":70,"column":7}}],"line":26},"1":{"loc":{"start":{"line":31,"column":10},"end":{"line":45,"column":11}},"type":"if","locations":[{"start":{"line":31,"column":10},"end":{"line":45,"column":11}},{"start":{"line":31,"column":10},"end":{"line":45,"column":11}}],"line":31},"2":{"loc":{"start":{"line":37,"column":20},"end":{"line":39,"column":21}},"type":"if","locations":[{"start":{"line":37,"column":20},"end":{"line":39,"column":21}},{"start":{"line":37,"column":20},"end":{"line":39,"column":21}}],"line":37},"3":{"loc":{"start":{"line":47,"column":13},"end":{"line":70,"column":7}},"type":"if","locations":[{"start":{"line":47,"column":13},"end":{"line":70,"column":7}},{"start":{"line":47,"column":13},"end":{"line":70,"column":7}}],"line":47},"4":{"loc":{"start":{"line":54,"column":13},"end":{"line":70,"column":7}},"type":"if","locations":[{"start":{"line":54,"column":13},"end":{"line":70,"column":7}},{"start":{"line":54,"column":13},"end":{"line":70,"column":7}}],"line":54},"5":{"loc":{"start":{"line":61,"column":13},"end":{"line":70,"column":7}},"type":"if","locations":[{"start":{"line":61,"column":13},"end":{"line":70,"column":7}},{"start":{"line":61,"column":13},"end":{"line":70,"column":7}}],"line":61},"6":{"loc":{"start":{"line":73,"column":2},"end":{"line":80,"column":3}},"type":"if","locations":[{"start":{"line":73,"column":2},"end":{"line":80,"column":3}},{"start":{"line":73,"column":2},"end":{"line":80,"column":3}}],"line":73}},"s":{"0":2,"1":2,"2":2,"3":2,"4":2,"5":2,"6":1,"7":1,"8":0,"9":0,"10":0,"11":0,"12":0,"13":0,"14":0,"15":0,"16":0,"17":0,"18":0,"19":0,"20":0,"21":0,"22":0,"23":0,"24":0,"25":0,"26":0,"27":0,"28":0,"29":0,"30":0,"31":0,"32":0,"33":0,"34":0,"35":0,"36":0,"37":0,"38":0,"39":0,"40":0,"41":0,"42":0,"43":1,"44":1,"45":0,"46":0,"47":0},"f":{"0":1,"1":1,"2":0,"3":0,"4":0,"5":0,"6":0,"7":0,"8":0},"b":{"0":[0,0],"1":[0,0],"2":[0,0],"3":[0,0],"4":[0,0],"5":[0,0],"6":[1,0]},"_coverageSchema":"43e27e138ebf9cfc5966b082cf9a028302ed4184","hash":"f324a96c07c16240e162d27d2080f997761c99fe"}
,"/Users/dannagano-gerace/firecomm/firecomm/lib/build.js": {"path":"/Users/dannagano-gerace/firecomm/firecomm/lib/build.js","statementMap":{"0":{"start":{"line":1,"column":13},"end":{"line":1,"column":28}},"1":{"start":{"line":2,"column":20},"end":{"line":2,"column":49}},"2":{"start":{"line":4,"column":0},"end":{"line":24,"column":2}},"3":{"start":{"line":11,"column":2},"end":{"line":20,"column":4}},"4":{"start":{"line":21,"column":28},"end":{"line":21,"column":68}},"5":{"start":{"line":22,"column":14},"end":{"line":22,"column":59}},"6":{"start":{"line":23,"column":2},"end":{"line":23,"column":34}}},"fnMap":{"0":{"name":"build","decl":{"start":{"line":4,"column":26},"end":{"line":4,"column":31}},"loc":{"start":{"line":10,"column":3},"end":{"line":24,"column":1}},"line":10}},"branchMap":{"0":{"loc":{"start":{"line":4,"column":44},"end":{"line":10,"column":1}},"type":"default-arg","locations":[{"start":{"line":4,"column":53},"end":{"line":10,"column":1}}],"line":4}},"s":{"0":2,"1":2,"2":2,"3":0,"4":0,"5":0,"6":0},"f":{"0":0},"b":{"0":[0]},"_coverageSchema":"43e27e138ebf9cfc5966b082cf9a028302ed4184","hash":"6a0e5b77cba75f55c53eb97f9e1ad24e8ebc281b"}
,"/Users/dannagano-gerace/firecomm/firecomm/lib/clientMethods.js": {"path":"/Users/dannagano-gerace/firecomm/firecomm/lib/clientMethods.js","statementMap":{"0":{"start":{"line":2,"column":22},"end":{"line":2,"column":26}},"1":{"start":{"line":3,"column":2},"end":{"line":3,"column":49}},"2":{"start":{"line":4,"column":2},"end":{"line":15,"column":3}},"3":{"start":{"line":5,"column":4},"end":{"line":5,"column":31}},"4":{"start":{"line":6,"column":4},"end":{"line":14,"column":7}},"5":{"start":{"line":7,"column":6},"end":{"line":7,"column":32}},"6":{"start":{"line":8,"column":6},"end":{"line":13,"column":9}},"7":{"start":{"line":9,"column":8},"end":{"line":11,"column":9}},"8":{"start":{"line":10,"column":10},"end":{"line":10,"column":22}},"9":{"start":{"line":12,"column":8},"end":{"line":12,"column":26}},"10":{"start":{"line":18,"column":0},"end":{"line":18,"column":28}}},"fnMap":{"0":{"name":"Promisify","decl":{"start":{"line":1,"column":9},"end":{"line":1,"column":18}},"loc":{"start":{"line":1,"column":31},"end":{"line":16,"column":1}},"line":1},"1":{"name":"(anonymous_1)","decl":{"start":{"line":4,"column":9},"end":{"line":4,"column":10}},"loc":{"start":{"line":4,"column":41},"end":{"line":15,"column":3}},"line":4},"2":{"name":"(anonymous_2)","decl":{"start":{"line":6,"column":23},"end":{"line":6,"column":24}},"loc":{"start":{"line":6,"column":44},"end":{"line":14,"column":5}},"line":6},"3":{"name":"(anonymous_3)","decl":{"start":{"line":8,"column":53},"end":{"line":8,"column":54}},"loc":{"start":{"line":8,"column":72},"end":{"line":13,"column":7}},"line":8}},"branchMap":{"0":{"loc":{"start":{"line":9,"column":8},"end":{"line":11,"column":9}},"type":"if","locations":[{"start":{"line":9,"column":8},"end":{"line":11,"column":9}},{"start":{"line":9,"column":8},"end":{"line":11,"column":9}}],"line":9}},"s":{"0":0,"1":0,"2":0,"3":0,"4":0,"5":0,"6":0,"7":0,"8":0,"9":0,"10":2},"f":{"0":0,"1":0,"2":0,"3":0},"b":{"0":[0,0]},"_coverageSchema":"43e27e138ebf9cfc5966b082cf9a028302ed4184","hash":"26f4d999b8387055ff0d59a4c331fe14da7737ed"}
,"/Users/dannagano-gerace/firecomm/firecomm/lib/compose.js": {"path":"/Users/dannagano-gerace/firecomm/firecomm/lib/compose.js","statementMap":{"0":{"start":{"line":1,"column":21},"end":{"line":1,"column":55}},"1":{"start":{"line":2,"column":28},"end":{"line":2,"column":69}},"2":{"start":{"line":3,"column":28},"end":{"line":3,"column":69}},"3":{"start":{"line":4,"column":22},"end":{"line":4,"column":57}},"4":{"start":{"line":6,"column":22},"end":{"line":6,"column":54}},"5":{"start":{"line":8,"column":0},"end":{"line":58,"column":2}},"6":{"start":{"line":13,"column":25},"end":{"line":13,"column":72}},"7":{"start":{"line":14,"column":25},"end":{"line":14,"column":58}},"8":{"start":{"line":15,"column":2},"end":{"line":17,"column":5}},"9":{"start":{"line":16,"column":4},"end":{"line":16,"column":57}},"10":{"start":{"line":18,"column":21},"end":{"line":18,"column":52}},"11":{"start":{"line":22,"column":2},"end":{"line":57,"column":3}},"12":{"start":{"line":25,"column":6},"end":{"line":30,"column":8}},"13":{"start":{"line":26,"column":22},"end":{"line":26,"column":45}},"14":{"start":{"line":27,"column":8},"end":{"line":29,"column":9}},"15":{"start":{"line":27,"column":21},"end":{"line":27,"column":22}},"16":{"start":{"line":28,"column":10},"end":{"line":28,"column":44}},"17":{"start":{"line":33,"column":6},"end":{"line":39,"column":8}},"18":{"start":{"line":34,"column":8},"end":{"line":34,"column":74}},"19":{"start":{"line":35,"column":26},"end":{"line":35,"column":65}},"20":{"start":{"line":36,"column":8},"end":{"line":38,"column":9}},"21":{"start":{"line":36,"column":21},"end":{"line":36,"column":22}},"22":{"start":{"line":37,"column":10},"end":{"line":37,"column":44}},"23":{"start":{"line":42,"column":6},"end":{"line":47,"column":8}},"24":{"start":{"line":43,"column":22},"end":{"line":43,"column":51}},"25":{"start":{"line":44,"column":8},"end":{"line":46,"column":9}},"26":{"start":{"line":44,"column":21},"end":{"line":44,"column":22}},"27":{"start":{"line":45,"column":10},"end":{"line":45,"column":44}},"28":{"start":{"line":49,"column":6},"end":{"line":54,"column":8}},"29":{"start":{"line":50,"column":22},"end":{"line":50,"column":54}},"30":{"start":{"line":51,"column":8},"end":{"line":53,"column":9}},"31":{"start":{"line":51,"column":21},"end":{"line":51,"column":22}},"32":{"start":{"line":52,"column":10},"end":{"line":52,"column":44}},"33":{"start":{"line":56,"column":6},"end":{"line":56,"column":13}}},"fnMap":{"0":{"name":"compose","decl":{"start":{"line":8,"column":26},"end":{"line":8,"column":33}},"loc":{"start":{"line":9,"column":51},"end":{"line":58,"column":1}},"line":9},"1":{"name":"(anonymous_1)","decl":{"start":{"line":25,"column":13},"end":{"line":25,"column":14}},"loc":{"start":{"line":25,"column":34},"end":{"line":30,"column":7}},"line":25},"2":{"name":"(anonymous_2)","decl":{"start":{"line":33,"column":13},"end":{"line":33,"column":14}},"loc":{"start":{"line":33,"column":44},"end":{"line":39,"column":7}},"line":33},"3":{"name":"(anonymous_3)","decl":{"start":{"line":42,"column":13},"end":{"line":42,"column":14}},"loc":{"start":{"line":42,"column":34},"end":{"line":47,"column":7}},"line":42},"4":{"name":"(anonymous_4)","decl":{"start":{"line":49,"column":13},"end":{"line":49,"column":14}},"loc":{"start":{"line":49,"column":44},"end":{"line":54,"column":7}},"line":49}},"branchMap":{"0":{"loc":{"start":{"line":15,"column":2},"end":{"line":17,"column":5}},"type":"if","locations":[{"start":{"line":15,"column":2},"end":{"line":17,"column":5}},{"start":{"line":15,"column":2},"end":{"line":17,"column":5}}],"line":15},"1":{"loc":{"start":{"line":22,"column":2},"end":{"line":57,"column":3}},"type":"switch","locations":[{"start":{"line":23,"column":4},"end":{"line":30,"column":8}},{"start":{"line":31,"column":4},"end":{"line":39,"column":8}},{"start":{"line":40,"column":4},"end":{"line":47,"column":8}},{"start":{"line":48,"column":4},"end":{"line":54,"column":8}},{"start":{"line":55,"column":4},"end":{"line":56,"column":13}}],"line":22}},"s":{"0":3,"1":3,"2":3,"3":3,"4":3,"5":3,"6":4,"7":4,"8":4,"9":0,"10":4,"11":4,"12":1,"13":0,"14":0,"15":0,"16":0,"17":1,"18":0,"19":0,"20":0,"21":0,"22":0,"23":1,"24":0,"25":0,"26":0,"27":0,"28":1,"29":0,"30":0,"31":0,"32":0,"33":0},"f":{"0":4,"1":0,"2":0,"3":0,"4":0},"b":{"0":[0,4],"1":[1,1,1,1,0]},"_coverageSchema":"43e27e138ebf9cfc5966b082cf9a028302ed4184","hash":"4227a97b33195f08dbc2949d4d2bde0bd44d486d"}
,"/Users/dannagano-gerace/firecomm/firecomm/lib/contexts/clientStreamContext.js": {"path":"/Users/dannagano-gerace/firecomm/firecomm/lib/contexts/clientStreamContext.js","statementMap":{"0":{"start":{"line":1,"column":13},"end":{"line":1,"column":28}},"1":{"start":{"line":5,"column":4},"end":{"line":5,"column":21}},"2":{"start":{"line":6,"column":4},"end":{"line":6,"column":29}},"3":{"start":{"line":10,"column":4},"end":{"line":10,"column":33}},"4":{"start":{"line":14,"column":4},"end":{"line":17,"column":5}},"5":{"start":{"line":15,"column":6},"end":{"line":16,"column":166}},"6":{"start":{"line":18,"column":4},"end":{"line":18,"column":41}},"7":{"start":{"line":22,"column":4},"end":{"line":24,"column":7}},"8":{"start":{"line":23,"column":6},"end":{"line":23,"column":41}},"9":{"start":{"line":25,"column":17},"end":{"line":25,"column":40}},"10":{"start":{"line":26,"column":4},"end":{"line":28,"column":5}},"11":{"start":{"line":26,"column":17},"end":{"line":26,"column":18}},"12":{"start":{"line":27,"column":6},"end":{"line":27,"column":53}},"13":{"start":{"line":32,"column":4},"end":{"line":34,"column":7}},"14":{"start":{"line":33,"column":6},"end":{"line":33,"column":42}},"15":{"start":{"line":35,"column":17},"end":{"line":35,"column":40}},"16":{"start":{"line":36,"column":4},"end":{"line":38,"column":5}},"17":{"start":{"line":36,"column":17},"end":{"line":36,"column":18}},"18":{"start":{"line":37,"column":6},"end":{"line":37,"column":54}},"19":{"start":{"line":42,"column":4},"end":{"line":44,"column":5}},"20":{"start":{"line":43,"column":6},"end":{"line":43,"column":44}},"21":{"start":{"line":45,"column":4},"end":{"line":45,"column":51}},"22":{"start":{"line":49,"column":4},"end":{"line":49,"column":19}},"23":{"start":{"line":53,"column":0},"end":{"line":53,"column":37}}},"fnMap":{"0":{"name":"(anonymous_0)","decl":{"start":{"line":4,"column":2},"end":{"line":4,"column":3}},"loc":{"start":{"line":4,"column":30},"end":{"line":7,"column":3}},"line":4},"1":{"name":"(anonymous_1)","decl":{"start":{"line":9,"column":2},"end":{"line":9,"column":3}},"loc":{"start":{"line":9,"column":22},"end":{"line":11,"column":5}},"line":9},"2":{"name":"(anonymous_2)","decl":{"start":{"line":13,"column":2},"end":{"line":13,"column":3}},"loc":{"start":{"line":13,"column":13},"end":{"line":19,"column":3}},"line":13},"3":{"name":"(anonymous_3)","decl":{"start":{"line":21,"column":2},"end":{"line":21,"column":3}},"loc":{"start":{"line":21,"column":24},"end":{"line":29,"column":3}},"line":21},"4":{"name":"(anonymous_4)","decl":{"start":{"line":31,"column":2},"end":{"line":31,"column":3}},"loc":{"start":{"line":31,"column":22},"end":{"line":39,"column":3}},"line":31},"5":{"name":"(anonymous_5)","decl":{"start":{"line":41,"column":2},"end":{"line":41,"column":3}},"loc":{"start":{"line":41,"column":21},"end":{"line":46,"column":3}},"line":41},"6":{"name":"(anonymous_6)","decl":{"start":{"line":48,"column":2},"end":{"line":48,"column":3}},"loc":{"start":{"line":48,"column":8},"end":{"line":50,"column":3}},"line":48}},"branchMap":{"0":{"loc":{"start":{"line":14,"column":4},"end":{"line":17,"column":5}},"type":"if","locations":[{"start":{"line":14,"column":4},"end":{"line":17,"column":5}},{"start":{"line":14,"column":4},"end":{"line":17,"column":5}}],"line":14},"1":{"loc":{"start":{"line":22,"column":4},"end":{"line":24,"column":7}},"type":"if","locations":[{"start":{"line":22,"column":4},"end":{"line":24,"column":7}},{"start":{"line":22,"column":4},"end":{"line":24,"column":7}}],"line":22},"2":{"loc":{"start":{"line":32,"column":4},"end":{"line":34,"column":7}},"type":"if","locations":[{"start":{"line":32,"column":4},"end":{"line":34,"column":7}},{"start":{"line":32,"column":4},"end":{"line":34,"column":7}}],"line":32},"3":{"loc":{"start":{"line":41,"column":7},"end":{"line":41,"column":19}},"type":"default-arg","locations":[{"start":{"line":41,"column":17},"end":{"line":41,"column":19}}],"line":41},"4":{"loc":{"start":{"line":42,"column":4},"end":{"line":44,"column":5}},"type":"if","locations":[{"start":{"line":42,"column":4},"end":{"line":44,"column":5}},{"start":{"line":42,"column":4},"end":{"line":44,"column":5}}],"line":42}},"s":{"0":3,"1":0,"2":0,"3":0,"4":0,"5":0,"6":0,"7":0,"8":0,"9":0,"10":0,"11":0,"12":0,"13":0,"14":0,"15":0,"16":0,"17":0,"18":0,"19":0,"20":0,"21":0,"22":0,"23":3},"f":{"0":0,"1":0,"2":0,"3":0,"4":0,"5":0,"6":0},"b":{"0":[0,0],"1":[0,0],"2":[0,0],"3":[0],"4":[0,0]},"_coverageSchema":"43e27e138ebf9cfc5966b082cf9a028302ed4184","hash":"1c3fc0efccfa3d689ea93e906588906e9b0bd9d3"}
,"/Users/dannagano-gerace/firecomm/firecomm/lib/contexts/duplexContext.js": {"path":"/Users/dannagano-gerace/firecomm/firecomm/lib/contexts/duplexContext.js","statementMap":{"0":{"start":{"line":1,"column":13},"end":{"line":1,"column":28}},"1":{"start":{"line":5,"column":4},"end":{"line":5,"column":21}},"2":{"start":{"line":9,"column":4},"end":{"line":9,"column":34}},"3":{"start":{"line":13,"column":4},"end":{"line":13,"column":35}},"4":{"start":{"line":17,"column":4},"end":{"line":17,"column":20}},"5":{"start":{"line":21,"column":4},"end":{"line":24,"column":5}},"6":{"start":{"line":22,"column":6},"end":{"line":23,"column":166}},"7":{"start":{"line":25,"column":4},"end":{"line":25,"column":33}},"8":{"start":{"line":29,"column":4},"end":{"line":29,"column":29}},"9":{"start":{"line":33,"column":21},"end":{"line":33,"column":40}},"10":{"start":{"line":34,"column":17},"end":{"line":34,"column":40}},"11":{"start":{"line":35,"column":4},"end":{"line":37,"column":5}},"12":{"start":{"line":35,"column":17},"end":{"line":35,"column":18}},"13":{"start":{"line":36,"column":6},"end":{"line":36,"column":49}},"14":{"start":{"line":38,"column":4},"end":{"line":38,"column":37}},"15":{"start":{"line":42,"column":0},"end":{"line":42,"column":31}}},"fnMap":{"0":{"name":"(anonymous_0)","decl":{"start":{"line":4,"column":2},"end":{"line":4,"column":3}},"loc":{"start":{"line":4,"column":20},"end":{"line":6,"column":3}},"line":4},"1":{"name":"(anonymous_1)","decl":{"start":{"line":8,"column":2},"end":{"line":8,"column":3}},"loc":{"start":{"line":8,"column":22},"end":{"line":10,"column":3}},"line":8},"2":{"name":"(anonymous_2)","decl":{"start":{"line":12,"column":2},"end":{"line":12,"column":3}},"loc":{"start":{"line":12,"column":23},"end":{"line":14,"column":3}},"line":12},"3":{"name":"(anonymous_3)","decl":{"start":{"line":16,"column":2},"end":{"line":16,"column":3}},"loc":{"start":{"line":16,"column":8},"end":{"line":18,"column":5}},"line":16},"4":{"name":"(anonymous_4)","decl":{"start":{"line":20,"column":2},"end":{"line":20,"column":3}},"loc":{"start":{"line":20,"column":13},"end":{"line":26,"column":3}},"line":20},"5":{"name":"(anonymous_5)","decl":{"start":{"line":28,"column":2},"end":{"line":28,"column":3}},"loc":{"start":{"line":28,"column":17},"end":{"line":30,"column":3}},"line":28},"6":{"name":"(anonymous_6)","decl":{"start":{"line":32,"column":2},"end":{"line":32,"column":3}},"loc":{"start":{"line":32,"column":23},"end":{"line":39,"column":3}},"line":32}},"branchMap":{"0":{"loc":{"start":{"line":21,"column":4},"end":{"line":24,"column":5}},"type":"if","locations":[{"start":{"line":21,"column":4},"end":{"line":24,"column":5}},{"start":{"line":21,"column":4},"end":{"line":24,"column":5}}],"line":21}},"s":{"0":3,"1":0,"2":0,"3":0,"4":0,"5":0,"6":0,"7":0,"8":0,"9":0,"10":0,"11":0,"12":0,"13":0,"14":0,"15":3},"f":{"0":0,"1":0,"2":0,"3":0,"4":0,"5":0,"6":0},"b":{"0":[0,0]},"_coverageSchema":"43e27e138ebf9cfc5966b082cf9a028302ed4184","hash":"b0dcfeade63b3f972d04cff8fe4266053b498826"}
,"/Users/dannagano-gerace/firecomm/firecomm/lib/contexts/serverStreamContext.js": {"path":"/Users/dannagano-gerace/firecomm/firecomm/lib/contexts/serverStreamContext.js","statementMap":{"0":{"start":{"line":1,"column":13},"end":{"line":1,"column":28}},"1":{"start":{"line":5,"column":4},"end":{"line":5,"column":21}},"2":{"start":{"line":6,"column":4},"end":{"line":6,"column":57}},"3":{"start":{"line":10,"column":4},"end":{"line":13,"column":5}},"4":{"start":{"line":11,"column":6},"end":{"line":12,"column":166}},"5":{"start":{"line":14,"column":4},"end":{"line":14,"column":33}},"6":{"start":{"line":18,"column":4},"end":{"line":18,"column":35}},"7":{"start":{"line":22,"column":21},"end":{"line":22,"column":40}},"8":{"start":{"line":23,"column":17},"end":{"line":23,"column":40}},"9":{"start":{"line":24,"column":4},"end":{"line":26,"column":5}},"10":{"start":{"line":24,"column":17},"end":{"line":24,"column":18}},"11":{"start":{"line":25,"column":6},"end":{"line":25,"column":49}},"12":{"start":{"line":27,"column":4},"end":{"line":27,"column":37}},"13":{"start":{"line":31,"column":4},"end":{"line":31,"column":28}},"14":{"start":{"line":35,"column":0},"end":{"line":35,"column":37}}},"fnMap":{"0":{"name":"(anonymous_0)","decl":{"start":{"line":4,"column":2},"end":{"line":4,"column":3}},"loc":{"start":{"line":4,"column":20},"end":{"line":7,"column":5}},"line":4},"1":{"name":"(anonymous_1)","decl":{"start":{"line":9,"column":2},"end":{"line":9,"column":3}},"loc":{"start":{"line":9,"column":13},"end":{"line":15,"column":3}},"line":9},"2":{"name":"(anonymous_2)","decl":{"start":{"line":17,"column":2},"end":{"line":17,"column":3}},"loc":{"start":{"line":17,"column":23},"end":{"line":19,"column":3}},"line":17},"3":{"name":"(anonymous_3)","decl":{"start":{"line":21,"column":2},"end":{"line":21,"column":3}},"loc":{"start":{"line":21,"column":23},"end":{"line":28,"column":3}},"line":21},"4":{"name":"(anonymous_4)","decl":{"start":{"line":30,"column":2},"end":{"line":30,"column":3}},"loc":{"start":{"line":30,"column":17},"end":{"line":32,"column":3}},"line":30}},"branchMap":{"0":{"loc":{"start":{"line":10,"column":4},"end":{"line":13,"column":5}},"type":"if","locations":[{"start":{"line":10,"column":4},"end":{"line":13,"column":5}},{"start":{"line":10,"column":4},"end":{"line":13,"column":5}}],"line":10}},"s":{"0":3,"1":0,"2":0,"3":0,"4":0,"5":0,"6":0,"7":0,"8":0,"9":0,"10":0,"11":0,"12":0,"13":0,"14":3},"f":{"0":0,"1":0,"2":0,"3":0,"4":0},"b":{"0":[0,0]},"_coverageSchema":"43e27e138ebf9cfc5966b082cf9a028302ed4184","hash":"cc6582ab380a0df1d7daa03e876bff906a92742c"}
,"/Users/dannagano-gerace/firecomm/firecomm/lib/contexts/unaryContext.js": {"path":"/Users/dannagano-gerace/firecomm/firecomm/lib/contexts/unaryContext.js","statementMap":{"0":{"start":{"line":1,"column":13},"end":{"line":1,"column":28}},"1":{"start":{"line":5,"column":4},"end":{"line":5,"column":21}},"2":{"start":{"line":6,"column":4},"end":{"line":6,"column":29}},"3":{"start":{"line":7,"column":4},"end":{"line":7,"column":30}},"4":{"start":{"line":8,"column":4},"end":{"line":8,"column":57}},"5":{"start":{"line":9,"column":4},"end":{"line":9,"column":35}},"6":{"start":{"line":10,"column":4},"end":{"line":10,"column":29}},"7":{"start":{"line":14,"column":4},"end":{"line":17,"column":5}},"8":{"start":{"line":15,"column":6},"end":{"line":16,"column":166}},"9":{"start":{"line":18,"column":4},"end":{"line":18,"column":41}},"10":{"start":{"line":22,"column":4},"end":{"line":24,"column":7}},"11":{"start":{"line":23,"column":6},"end":{"line":23,"column":42}},"12":{"start":{"line":25,"column":17},"end":{"line":25,"column":40}},"13":{"start":{"line":26,"column":4},"end":{"line":28,"column":5}},"14":{"start":{"line":26,"column":17},"end":{"line":26,"column":18}},"15":{"start":{"line":27,"column":6},"end":{"line":27,"column":54}},"16":{"start":{"line":32,"column":4},"end":{"line":34,"column":7}},"17":{"start":{"line":33,"column":6},"end":{"line":33,"column":41}},"18":{"start":{"line":35,"column":17},"end":{"line":35,"column":40}},"19":{"start":{"line":36,"column":4},"end":{"line":38,"column":5}},"20":{"start":{"line":36,"column":17},"end":{"line":36,"column":18}},"21":{"start":{"line":37,"column":6},"end":{"line":37,"column":53}},"22":{"start":{"line":42,"column":4},"end":{"line":44,"column":5}},"23":{"start":{"line":43,"column":6},"end":{"line":43,"column":44}},"24":{"start":{"line":45,"column":4},"end":{"line":45,"column":51}},"25":{"start":{"line":49,"column":0},"end":{"line":49,"column":30}}},"fnMap":{"0":{"name":"(anonymous_0)","decl":{"start":{"line":4,"column":2},"end":{"line":4,"column":3}},"loc":{"start":{"line":4,"column":30},"end":{"line":11,"column":5}},"line":4},"1":{"name":"(anonymous_1)","decl":{"start":{"line":13,"column":2},"end":{"line":13,"column":3}},"loc":{"start":{"line":13,"column":13},"end":{"line":19,"column":3}},"line":13},"2":{"name":"(anonymous_2)","decl":{"start":{"line":21,"column":2},"end":{"line":21,"column":3}},"loc":{"start":{"line":21,"column":22},"end":{"line":29,"column":3}},"line":21},"3":{"name":"(anonymous_3)","decl":{"start":{"line":31,"column":2},"end":{"line":31,"column":3}},"loc":{"start":{"line":31,"column":24},"end":{"line":39,"column":3}},"line":31},"4":{"name":"(anonymous_4)","decl":{"start":{"line":41,"column":2},"end":{"line":41,"column":3}},"loc":{"start":{"line":41,"column":21},"end":{"line":46,"column":3}},"line":41}},"branchMap":{"0":{"loc":{"start":{"line":14,"column":4},"end":{"line":17,"column":5}},"type":"if","locations":[{"start":{"line":14,"column":4},"end":{"line":17,"column":5}},{"start":{"line":14,"column":4},"end":{"line":17,"column":5}}],"line":14},"1":{"loc":{"start":{"line":22,"column":4},"end":{"line":24,"column":7}},"type":"if","locations":[{"start":{"line":22,"column":4},"end":{"line":24,"column":7}},{"start":{"line":22,"column":4},"end":{"line":24,"column":7}}],"line":22},"2":{"loc":{"start":{"line":32,"column":4},"end":{"line":34,"column":7}},"type":"if","locations":[{"start":{"line":32,"column":4},"end":{"line":34,"column":7}},{"start":{"line":32,"column":4},"end":{"line":34,"column":7}}],"line":32},"3":{"loc":{"start":{"line":41,"column":7},"end":{"line":41,"column":19}},"type":"default-arg","locations":[{"start":{"line":41,"column":17},"end":{"line":41,"column":19}}],"line":41},"4":{"loc":{"start":{"line":42,"column":4},"end":{"line":44,"column":5}},"type":"if","locations":[{"start":{"line":42,"column":4},"end":{"line":44,"column":5}},{"start":{"line":42,"column":4},"end":{"line":44,"column":5}}],"line":42}},"s":{"0":3,"1":0,"2":0,"3":0,"4":0,"5":0,"6":0,"7":0,"8":0,"9":0,"10":0,"11":0,"12":0,"13":0,"14":0,"15":0,"16":0,"17":0,"18":0,"19":0,"20":0,"21":0,"22":0,"23":0,"24":0,"25":3},"f":{"0":0,"1":0,"2":0,"3":0,"4":0},"b":{"0":[0,0],"1":[0,0],"2":[0,0],"3":[0],"4":[0,0]},"_coverageSchema":"43e27e138ebf9cfc5966b082cf9a028302ed4184","hash":"18e5a118aa81fc3b99258b5d75d0c2fd88c49008"}
,"/Users/dannagano-gerace/firecomm/firecomm/lib/utils/generateMeta.js": {"path":"/Users/dannagano-gerace/firecomm/firecomm/lib/utils/generateMeta.js","statementMap":{"0":{"start":{"line":1,"column":13},"end":{"line":1,"column":28}},"1":{"start":{"line":3,"column":0},"end":{"line":13,"column":1}},"2":{"start":{"line":4,"column":2},"end":{"line":6,"column":5}},"3":{"start":{"line":5,"column":4},"end":{"line":5,"column":31}},"4":{"start":{"line":7,"column":19},"end":{"line":7,"column":38}},"5":{"start":{"line":8,"column":15},"end":{"line":8,"column":38}},"6":{"start":{"line":9,"column":2},"end":{"line":11,"column":3}},"7":{"start":{"line":9,"column":15},"end":{"line":9,"column":16}},"8":{"start":{"line":10,"column":4},"end":{"line":10,"column":47}},"9":{"start":{"line":12,"column":2},"end":{"line":12,"column":18}}},"fnMap":{"0":{"name":"generateMeta","decl":{"start":{"line":3,"column":26},"end":{"line":3,"column":38}},"loc":{"start":{"line":3,"column":51},"end":{"line":13,"column":1}},"line":3}},"branchMap":{"0":{"loc":{"start":{"line":4,"column":2},"end":{"line":6,"column":5}},"type":"if","locations":[{"start":{"line":4,"column":2},"end":{"line":6,"column":5}},{"start":{"line":4,"column":2},"end":{"line":6,"column":5}}],"line":4}},"s":{"0":2,"1":2,"2":0,"3":0,"4":0,"5":0,"6":0,"7":0,"8":0,"9":0},"f":{"0":0},"b":{"0":[0,0]},"_coverageSchema":"43e27e138ebf9cfc5966b082cf9a028302ed4184","hash":"e35dff800e1166d040ddf829544989e47676185f"}
,"/Users/dannagano-gerace/firecomm/firecomm/lib/utils/getMethodType.js": {"path":"/Users/dannagano-gerace/firecomm/firecomm/lib/utils/getMethodType.js","statementMap":{"0":{"start":{"line":1,"column":0},"end":{"line":14,"column":1}},"1":{"start":{"line":2,"column":24},"end":{"line":2,"column":54}},"2":{"start":{"line":3,"column":25},"end":{"line":3,"column":56}},"3":{"start":{"line":4,"column":2},"end":{"line":6,"column":5}},"4":{"start":{"line":5,"column":4},"end":{"line":5,"column":20}},"5":{"start":{"line":7,"column":2},"end":{"line":9,"column":5}},"6":{"start":{"line":8,"column":4},"end":{"line":8,"column":26}},"7":{"start":{"line":10,"column":2},"end":{"line":12,"column":5}},"8":{"start":{"line":11,"column":4},"end":{"line":11,"column":26}},"9":{"start":{"line":13,"column":2},"end":{"line":13,"column":17}}},"fnMap":{"0":{"name":"getMethodType","decl":{"start":{"line":1,"column":26},"end":{"line":1,"column":39}},"loc":{"start":{"line":1,"column":58},"end":{"line":14,"column":1}},"line":1}},"branchMap":{"0":{"loc":{"start":{"line":4,"column":2},"end":{"line":6,"column":5}},"type":"if","locations":[{"start":{"line":4,"column":2},"end":{"line":6,"column":5}},{"start":{"line":4,"column":2},"end":{"line":6,"column":5}}],"line":4},"1":{"loc":{"start":{"line":4,"column":6},"end":{"line":4,"column":37}},"type":"binary-expr","locations":[{"start":{"line":4,"column":6},"end":{"line":4,"column":19}},{"start":{"line":4,"column":23},"end":{"line":4,"column":37}}],"line":4},"2":{"loc":{"start":{"line":7,"column":2},"end":{"line":9,"column":5}},"type":"if","locations":[{"start":{"line":7,"column":2},"end":{"line":9,"column":5}},{"start":{"line":7,"column":2},"end":{"line":9,"column":5}}],"line":7},"3":{"loc":{"start":{"line":10,"column":2},"end":{"line":12,"column":5}},"type":"if","locations":[{"start":{"line":10,"column":2},"end":{"line":12,"column":5}},{"start":{"line":10,"column":2},"end":{"line":12,"column":5}}],"line":10}},"s":{"0":3,"1":4,"2":4,"3":4,"4":1,"5":3,"6":1,"7":2,"8":1,"9":1},"f":{"0":4},"b":{"0":[1,3],"1":[4,2],"2":[1,2],"3":[1,1]},"_coverageSchema":"43e27e138ebf9cfc5966b082cf9a028302ed4184","hash":"999f9c22ad4eaec9401d3b089a3e593ebb6f8c90"}
}
