{"/Users/morgancrena/Desktop/Mini Desktop/Codesmith NY12/Production Project/firecomm/index.js": {"path":"/Users/morgancrena/Desktop/Mini Desktop/Codesmith NY12/Production Project/firecomm/index.js","statementMap":{"0":{"start":{"line":1,"column":13},"end":{"line":1,"column":28}},"1":{"start":{"line":2,"column":20},"end":{"line":2,"column":49}},"2":{"start":{"line":4,"column":14},"end":{"line":4,"column":36}},"3":{"start":{"line":5,"column":15},"end":{"line":5,"column":38}},"4":{"start":{"line":6,"column":13},"end":{"line":6,"column":34}},"5":{"start":{"line":8,"column":0},"end":{"line":12,"column":2}}},"fnMap":{},"branchMap":{},"s":{"0":2,"1":2,"2":2,"3":2,"4":2,"5":2},"f":{},"b":{},"_coverageSchema":"43e27e138ebf9cfc5966b082cf9a028302ed4184","hash":"5359cc1aaf981e25dfedbeb012877124e12445e4"}
,"/Users/morgancrena/Desktop/Mini Desktop/Codesmith NY12/Production Project/firecomm/lib/Server.js": {"path":"/Users/morgancrena/Desktop/Mini Desktop/Codesmith NY12/Production Project/firecomm/lib/Server.js","statementMap":{"0":{"start":{"line":1,"column":13},"end":{"line":1,"column":28}},"1":{"start":{"line":2,"column":16},"end":{"line":2,"column":36}},"2":{"start":{"line":3,"column":11},"end":{"line":3,"column":24}},"3":{"start":{"line":5,"column":0},"end":{"line":121,"column":2}},"4":{"start":{"line":7,"column":4},"end":{"line":7,"column":36}},"5":{"start":{"line":21,"column":4},"end":{"line":25,"column":7}},"6":{"start":{"line":22,"column":6},"end":{"line":22,"column":42}},"7":{"start":{"line":24,"column":6},"end":{"line":24,"column":34}},"8":{"start":{"line":26,"column":21},"end":{"line":26,"column":39}},"9":{"start":{"line":27,"column":17},"end":{"line":27,"column":43}},"10":{"start":{"line":28,"column":4},"end":{"line":42,"column":5}},"11":{"start":{"line":28,"column":17},"end":{"line":28,"column":18}},"12":{"start":{"line":29,"column":28},"end":{"line":29,"column":50}},"13":{"start":{"line":30,"column":6},"end":{"line":40,"column":7}},"14":{"start":{"line":31,"column":8},"end":{"line":35,"column":9}},"15":{"start":{"line":32,"column":10},"end":{"line":32,"column":70}},"16":{"start":{"line":34,"column":10},"end":{"line":34,"column":72}},"17":{"start":{"line":37,"column":8},"end":{"line":39,"column":9}},"18":{"start":{"line":38,"column":10},"end":{"line":38,"column":46}},"19":{"start":{"line":41,"column":6},"end":{"line":41,"column":80}},"20":{"start":{"line":43,"column":4},"end":{"line":43,"column":39}},"21":{"start":{"line":44,"column":4},"end":{"line":44,"column":46}},"22":{"start":{"line":86,"column":16},"end":{"line":86,"column":27}},"23":{"start":{"line":87,"column":4},"end":{"line":93,"column":5}},"24":{"start":{"line":88,"column":6},"end":{"line":88,"column":23}},"25":{"start":{"line":92,"column":6},"end":{"line":92,"column":39}},"26":{"start":{"line":92,"column":24},"end":{"line":92,"column":37}},"27":{"start":{"line":94,"column":4},"end":{"line":94,"column":64}},"28":{"start":{"line":96,"column":8},"end":{"line":115,"column":5}},"29":{"start":{"line":96,"column":21},"end":{"line":96,"column":22}},"30":{"start":{"line":97,"column":6},"end":{"line":114,"column":7}},"31":{"start":{"line":98,"column":8},"end":{"line":98,"column":76}},"32":{"start":{"line":101,"column":69},"end":{"line":101,"column":75}},"33":{"start":{"line":103,"column":8},"end":{"line":104,"column":74}},"34":{"start":{"line":106,"column":30},"end":{"line":106,"column":64}},"35":{"start":{"line":107,"column":25},"end":{"line":107,"column":60}},"36":{"start":{"line":109,"column":12},"end":{"line":109,"column":64}},"37":{"start":{"line":111,"column":8},"end":{"line":113,"column":74}},"38":{"start":{"line":119,"column":4},"end":{"line":119,"column":24}}},"fnMap":{"0":{"name":"(anonymous_0)","decl":{"start":{"line":6,"column":2},"end":{"line":6,"column":3}},"loc":{"start":{"line":6,"column":16},"end":{"line":8,"column":3}},"line":6},"1":{"name":"(anonymous_1)","decl":{"start":{"line":18,"column":2},"end":{"line":18,"column":3}},"loc":{"start":{"line":18,"column":66},"end":{"line":45,"column":3}},"line":18},"2":{"name":"(anonymous_2)","decl":{"start":{"line":84,"column":2},"end":{"line":84,"column":3}},"loc":{"start":{"line":84,"column":21},"end":{"line":116,"column":3}},"line":84},"3":{"name":"(anonymous_3)","decl":{"start":{"line":92,"column":19},"end":{"line":92,"column":20}},"loc":{"start":{"line":92,"column":24},"end":{"line":92,"column":37}},"line":92},"4":{"name":"(anonymous_4)","decl":{"start":{"line":118,"column":2},"end":{"line":118,"column":3}},"loc":{"start":{"line":118,"column":10},"end":{"line":120,"column":3}},"line":118}},"branchMap":{"0":{"loc":{"start":{"line":21,"column":4},"end":{"line":25,"column":7}},"type":"if","locations":[{"start":{"line":21,"column":4},"end":{"line":25,"column":7}},{"start":{"line":21,"column":4},"end":{"line":25,"column":7}}],"line":21},"1":{"loc":{"start":{"line":30,"column":6},"end":{"line":40,"column":7}},"type":"if","locations":[{"start":{"line":30,"column":6},"end":{"line":40,"column":7}},{"start":{"line":30,"column":6},"end":{"line":40,"column":7}}],"line":30},"2":{"loc":{"start":{"line":31,"column":8},"end":{"line":35,"column":9}},"type":"if","locations":[{"start":{"line":31,"column":8},"end":{"line":35,"column":9}},{"start":{"line":31,"column":8},"end":{"line":35,"column":9}}],"line":31},"3":{"loc":{"start":{"line":37,"column":8},"end":{"line":39,"column":9}},"type":"if","locations":[{"start":{"line":37,"column":8},"end":{"line":39,"column":9}},{"start":{"line":37,"column":8},"end":{"line":39,"column":9}}],"line":37},"4":{"loc":{"start":{"line":87,"column":4},"end":{"line":93,"column":5}},"type":"if","locations":[{"start":{"line":87,"column":4},"end":{"line":93,"column":5}},{"start":{"line":87,"column":4},"end":{"line":93,"column":5}}],"line":87},"5":{"loc":{"start":{"line":97,"column":6},"end":{"line":114,"column":7}},"type":"if","locations":[{"start":{"line":97,"column":6},"end":{"line":114,"column":7}},{"start":{"line":97,"column":6},"end":{"line":114,"column":7}}],"line":97}},"s":{"0":2,"1":2,"2":2,"3":2,"4":0,"5":0,"6":0,"7":0,"8":0,"9":0,"10":0,"11":0,"12":0,"13":0,"14":0,"15":0,"16":0,"17":0,"18":0,"19":0,"20":0,"21":0,"22":0,"23":0,"24":0,"25":0,"26":0,"27":0,"28":0,"29":0,"30":0,"31":0,"32":0,"33":0,"34":0,"35":0,"36":0,"37":0,"38":0},"f":{"0":0,"1":0,"2":0,"3":0,"4":0},"b":{"0":[0,0],"1":[0,0],"2":[0,0],"3":[0,0],"4":[0,0],"5":[0,0]},"_coverageSchema":"43e27e138ebf9cfc5966b082cf9a028302ed4184","hash":"11dee2542e0fc95e1ad8d59c6b7b52dcf6c358fe"}
,"/Users/morgancrena/Desktop/Mini Desktop/Codesmith NY12/Production Project/firecomm/lib/Stub.js": {"path":"/Users/morgancrena/Desktop/Mini Desktop/Codesmith NY12/Production Project/firecomm/lib/Stub.js","statementMap":{"0":{"start":{"line":1,"column":13},"end":{"line":1,"column":28}},"1":{"start":{"line":2,"column":11},"end":{"line":2,"column":24}},"2":{"start":{"line":4,"column":21},"end":{"line":4,"column":52}},"3":{"start":{"line":6,"column":22},"end":{"line":6,"column":54}},"4":{"start":{"line":8,"column":20},"end":{"line":8,"column":46}},"5":{"start":{"line":10,"column":0},"end":{"line":81,"column":1}},"6":{"start":{"line":13,"column":6},"end":{"line":13,"column":36}},"7":{"start":{"line":14,"column":6},"end":{"line":14,"column":49}},"8":{"start":{"line":22,"column":21},"end":{"line":22,"column":63}},"9":{"start":{"line":23,"column":25},"end":{"line":23,"column":46}},"10":{"start":{"line":25,"column":10},"end":{"line":25,"column":63}},"11":{"start":{"line":26,"column":6},"end":{"line":70,"column":7}},"12":{"start":{"line":27,"column":8},"end":{"line":46,"column":9}},"13":{"start":{"line":29,"column":23},"end":{"line":29,"column":27}},"14":{"start":{"line":30,"column":27},"end":{"line":30,"column":51}},"15":{"start":{"line":31,"column":10},"end":{"line":45,"column":11}},"16":{"start":{"line":32,"column":12},"end":{"line":32,"column":72}},"17":{"start":{"line":33,"column":12},"end":{"line":42,"column":15}},"18":{"start":{"line":34,"column":14},"end":{"line":41,"column":21}},"19":{"start":{"line":36,"column":20},"end":{"line":36,"column":79}},"20":{"start":{"line":37,"column":20},"end":{"line":39,"column":21}},"21":{"start":{"line":38,"column":22},"end":{"line":38,"column":34}},"22":{"start":{"line":40,"column":20},"end":{"line":40,"column":38}},"23":{"start":{"line":44,"column":12},"end":{"line":44,"column":72}},"24":{"start":{"line":47,"column":13},"end":{"line":70,"column":7}},"25":{"start":{"line":48,"column":21},"end":{"line":48,"column":25}},"26":{"start":{"line":49,"column":8},"end":{"line":53,"column":9}},"27":{"start":{"line":50,"column":27},"end":{"line":50,"column":51}},"28":{"start":{"line":51,"column":31},"end":{"line":51,"column":63}},"29":{"start":{"line":52,"column":10},"end":{"line":52,"column":60}},"30":{"start":{"line":54,"column":13},"end":{"line":70,"column":7}},"31":{"start":{"line":55,"column":21},"end":{"line":55,"column":25}},"32":{"start":{"line":56,"column":8},"end":{"line":60,"column":9}},"33":{"start":{"line":57,"column":27},"end":{"line":57,"column":51}},"34":{"start":{"line":58,"column":31},"end":{"line":58,"column":63}},"35":{"start":{"line":59,"column":10},"end":{"line":59,"column":59}},"36":{"start":{"line":61,"column":13},"end":{"line":70,"column":7}},"37":{"start":{"line":62,"column":21},"end":{"line":62,"column":25}},"38":{"start":{"line":63,"column":8},"end":{"line":67,"column":9}},"39":{"start":{"line":64,"column":27},"end":{"line":64,"column":51}},"40":{"start":{"line":65,"column":31},"end":{"line":65,"column":63}},"41":{"start":{"line":66,"column":10},"end":{"line":66,"column":50}},"42":{"start":{"line":69,"column":8},"end":{"line":69,"column":49}},"43":{"start":{"line":73,"column":2},"end":{"line":80,"column":3}},"44":{"start":{"line":74,"column":4},"end":{"line":74,"column":61}},"45":{"start":{"line":77,"column":45},"end":{"line":77,"column":51}},"46":{"start":{"line":78,"column":28},"end":{"line":78,"column":62}},"47":{"start":{"line":79,"column":4},"end":{"line":79,"column":71}}},"fnMap":{"0":{"name":"Stub","decl":{"start":{"line":10,"column":26},"end":{"line":10,"column":30}},"loc":{"start":{"line":10,"column":64},"end":{"line":81,"column":1}},"line":10},"1":{"name":"(anonymous_1)","decl":{"start":{"line":12,"column":4},"end":{"line":12,"column":5}},"loc":{"start":{"line":12,"column":40},"end":{"line":19,"column":5}},"line":12},"2":{"name":"(anonymous_2)","decl":{"start":{"line":21,"column":4},"end":{"line":21,"column":5}},"loc":{"start":{"line":21,"column":29},"end":{"line":71,"column":5}},"line":21},"3":{"name":"(anonymous_3)","decl":{"start":{"line":27,"column":30},"end":{"line":27,"column":31}},"loc":{"start":{"line":28,"column":57},"end":{"line":46,"column":9}},"line":28},"4":{"name":"(anonymous_4)","decl":{"start":{"line":33,"column":31},"end":{"line":33,"column":32}},"loc":{"start":{"line":33,"column":52},"end":{"line":42,"column":13}},"line":33},"5":{"name":"(anonymous_5)","decl":{"start":{"line":35,"column":51},"end":{"line":35,"column":52}},"loc":{"start":{"line":35,"column":70},"end":{"line":41,"column":19}},"line":35},"6":{"name":"(anonymous_6)","decl":{"start":{"line":49,"column":30},"end":{"line":49,"column":31}},"loc":{"start":{"line":49,"column":79},"end":{"line":53,"column":9}},"line":49},"7":{"name":"(anonymous_7)","decl":{"start":{"line":56,"column":30},"end":{"line":56,"column":31}},"loc":{"start":{"line":56,"column":78},"end":{"line":60,"column":9}},"line":56},"8":{"name":"(anonymous_8)","decl":{"start":{"line":63,"column":30},"end":{"line":63,"column":31}},"loc":{"start":{"line":63,"column":69},"end":{"line":67,"column":9}},"line":63}},"branchMap":{"0":{"loc":{"start":{"line":26,"column":6},"end":{"line":70,"column":7}},"type":"if","locations":[{"start":{"line":26,"column":6},"end":{"line":70,"column":7}},{"start":{"line":26,"column":6},"end":{"line":70,"column":7}}],"line":26},"1":{"loc":{"start":{"line":31,"column":10},"end":{"line":45,"column":11}},"type":"if","locations":[{"start":{"line":31,"column":10},"end":{"line":45,"column":11}},{"start":{"line":31,"column":10},"end":{"line":45,"column":11}}],"line":31},"2":{"loc":{"start":{"line":37,"column":20},"end":{"line":39,"column":21}},"type":"if","locations":[{"start":{"line":37,"column":20},"end":{"line":39,"column":21}},{"start":{"line":37,"column":20},"end":{"line":39,"column":21}}],"line":37},"3":{"loc":{"start":{"line":47,"column":13},"end":{"line":70,"column":7}},"type":"if","locations":[{"start":{"line":47,"column":13},"end":{"line":70,"column":7}},{"start":{"line":47,"column":13},"end":{"line":70,"column":7}}],"line":47},"4":{"loc":{"start":{"line":54,"column":13},"end":{"line":70,"column":7}},"type":"if","locations":[{"start":{"line":54,"column":13},"end":{"line":70,"column":7}},{"start":{"line":54,"column":13},"end":{"line":70,"column":7}}],"line":54},"5":{"loc":{"start":{"line":61,"column":13},"end":{"line":70,"column":7}},"type":"if","locations":[{"start":{"line":61,"column":13},"end":{"line":70,"column":7}},{"start":{"line":61,"column":13},"end":{"line":70,"column":7}}],"line":61},"6":{"loc":{"start":{"line":73,"column":2},"end":{"line":80,"column":3}},"type":"if","locations":[{"start":{"line":73,"column":2},"end":{"line":80,"column":3}},{"start":{"line":73,"column":2},"end":{"line":80,"column":3}}],"line":73}},"s":{"0":2,"1":2,"2":2,"3":2,"4":2,"5":2,"6":1,"7":1,"8":0,"9":0,"10":0,"11":0,"12":0,"13":0,"14":0,"15":0,"16":0,"17":0,"18":0,"19":0,"20":0,"21":0,"22":0,"23":0,"24":0,"25":0,"26":0,"27":0,"28":0,"29":0,"30":0,"31":0,"32":0,"33":0,"34":0,"35":0,"36":0,"37":0,"38":0,"39":0,"40":0,"41":0,"42":0,"43":1,"44":1,"45":0,"46":0,"47":0},"f":{"0":1,"1":1,"2":0,"3":0,"4":0,"5":0,"6":0,"7":0,"8":0},"b":{"0":[0,0],"1":[0,0],"2":[0,0],"3":[0,0],"4":[0,0],"5":[0,0],"6":[1,0]},"_coverageSchema":"43e27e138ebf9cfc5966b082cf9a028302ed4184","hash":"d0cd1d52b2276d5ec5390d501145e40b657dbb4e"}
,"/Users/morgancrena/Desktop/Mini Desktop/Codesmith NY12/Production Project/firecomm/lib/build.js": {"path":"/Users/morgancrena/Desktop/Mini Desktop/Codesmith NY12/Production Project/firecomm/lib/build.js","statementMap":{"0":{"start":{"line":1,"column":13},"end":{"line":1,"column":28}},"1":{"start":{"line":2,"column":20},"end":{"line":2,"column":49}},"2":{"start":{"line":4,"column":0},"end":{"line":24,"column":2}},"3":{"start":{"line":11,"column":2},"end":{"line":20,"column":4}},"4":{"start":{"line":21,"column":28},"end":{"line":21,"column":68}},"5":{"start":{"line":22,"column":14},"end":{"line":22,"column":59}},"6":{"start":{"line":23,"column":2},"end":{"line":23,"column":34}}},"fnMap":{"0":{"name":"build","decl":{"start":{"line":4,"column":26},"end":{"line":4,"column":31}},"loc":{"start":{"line":10,"column":3},"end":{"line":24,"column":1}},"line":10}},"branchMap":{"0":{"loc":{"start":{"line":4,"column":44},"end":{"line":10,"column":1}},"type":"default-arg","locations":[{"start":{"line":4,"column":53},"end":{"line":10,"column":1}}],"line":4}},"s":{"0":2,"1":2,"2":2,"3":0,"4":0,"5":0,"6":0},"f":{"0":0},"b":{"0":[0]},"_coverageSchema":"43e27e138ebf9cfc5966b082cf9a028302ed4184","hash":"38c085bbbf590d4e4fb189d7a9743772d6af3d51"}
,"/Users/morgancrena/Desktop/Mini Desktop/Codesmith NY12/Production Project/firecomm/lib/clientMethods.js": {"path":"/Users/morgancrena/Desktop/Mini Desktop/Codesmith NY12/Production Project/firecomm/lib/clientMethods.js","statementMap":{"0":{"start":{"line":2,"column":22},"end":{"line":2,"column":26}},"1":{"start":{"line":3,"column":2},"end":{"line":3,"column":49}},"2":{"start":{"line":4,"column":2},"end":{"line":15,"column":3}},"3":{"start":{"line":5,"column":4},"end":{"line":5,"column":31}},"4":{"start":{"line":6,"column":4},"end":{"line":14,"column":7}},"5":{"start":{"line":7,"column":6},"end":{"line":7,"column":32}},"6":{"start":{"line":8,"column":6},"end":{"line":13,"column":9}},"7":{"start":{"line":9,"column":8},"end":{"line":11,"column":9}},"8":{"start":{"line":10,"column":10},"end":{"line":10,"column":22}},"9":{"start":{"line":12,"column":8},"end":{"line":12,"column":26}},"10":{"start":{"line":18,"column":0},"end":{"line":18,"column":28}}},"fnMap":{"0":{"name":"Promisify","decl":{"start":{"line":1,"column":9},"end":{"line":1,"column":18}},"loc":{"start":{"line":1,"column":31},"end":{"line":16,"column":1}},"line":1},"1":{"name":"(anonymous_1)","decl":{"start":{"line":4,"column":9},"end":{"line":4,"column":10}},"loc":{"start":{"line":4,"column":41},"end":{"line":15,"column":3}},"line":4},"2":{"name":"(anonymous_2)","decl":{"start":{"line":6,"column":23},"end":{"line":6,"column":24}},"loc":{"start":{"line":6,"column":44},"end":{"line":14,"column":5}},"line":6},"3":{"name":"(anonymous_3)","decl":{"start":{"line":8,"column":53},"end":{"line":8,"column":54}},"loc":{"start":{"line":8,"column":72},"end":{"line":13,"column":7}},"line":8}},"branchMap":{"0":{"loc":{"start":{"line":9,"column":8},"end":{"line":11,"column":9}},"type":"if","locations":[{"start":{"line":9,"column":8},"end":{"line":11,"column":9}},{"start":{"line":9,"column":8},"end":{"line":11,"column":9}}],"line":9}},"s":{"0":0,"1":0,"2":0,"3":0,"4":0,"5":0,"6":0,"7":0,"8":0,"9":0,"10":2},"f":{"0":0,"1":0,"2":0,"3":0},"b":{"0":[0,0]},"_coverageSchema":"43e27e138ebf9cfc5966b082cf9a028302ed4184","hash":"bf86f85ccea76af48f9180d3d2a38b40be4717d1"}
,"/Users/morgancrena/Desktop/Mini Desktop/Codesmith NY12/Production Project/firecomm/lib/compose.js": {"path":"/Users/morgancrena/Desktop/Mini Desktop/Codesmith NY12/Production Project/firecomm/lib/compose.js","statementMap":{"0":{"start":{"line":2,"column":4},"end":{"line":2,"column":32}},"1":{"start":{"line":4,"column":22},"end":{"line":4,"column":54}},"2":{"start":{"line":6,"column":0},"end":{"line":56,"column":2}},"3":{"start":{"line":11,"column":25},"end":{"line":11,"column":72}},"4":{"start":{"line":12,"column":25},"end":{"line":12,"column":58}},"5":{"start":{"line":13,"column":2},"end":{"line":15,"column":5}},"6":{"start":{"line":14,"column":4},"end":{"line":14,"column":57}},"7":{"start":{"line":16,"column":21},"end":{"line":16,"column":52}},"8":{"start":{"line":20,"column":2},"end":{"line":55,"column":3}},"9":{"start":{"line":23,"column":6},"end":{"line":28,"column":8}},"10":{"start":{"line":24,"column":22},"end":{"line":24,"column":45}},"11":{"start":{"line":25,"column":8},"end":{"line":27,"column":9}},"12":{"start":{"line":25,"column":21},"end":{"line":25,"column":22}},"13":{"start":{"line":26,"column":10},"end":{"line":26,"column":44}},"14":{"start":{"line":31,"column":6},"end":{"line":37,"column":8}},"15":{"start":{"line":32,"column":8},"end":{"line":32,"column":74}},"16":{"start":{"line":33,"column":26},"end":{"line":33,"column":65}},"17":{"start":{"line":34,"column":8},"end":{"line":36,"column":9}},"18":{"start":{"line":34,"column":21},"end":{"line":34,"column":22}},"19":{"start":{"line":35,"column":10},"end":{"line":35,"column":44}},"20":{"start":{"line":40,"column":6},"end":{"line":45,"column":8}},"21":{"start":{"line":41,"column":22},"end":{"line":41,"column":51}},"22":{"start":{"line":42,"column":8},"end":{"line":44,"column":9}},"23":{"start":{"line":42,"column":21},"end":{"line":42,"column":22}},"24":{"start":{"line":43,"column":10},"end":{"line":43,"column":44}},"25":{"start":{"line":47,"column":6},"end":{"line":52,"column":8}},"26":{"start":{"line":48,"column":22},"end":{"line":48,"column":54}},"27":{"start":{"line":49,"column":8},"end":{"line":51,"column":9}},"28":{"start":{"line":49,"column":21},"end":{"line":49,"column":22}},"29":{"start":{"line":50,"column":10},"end":{"line":50,"column":44}},"30":{"start":{"line":54,"column":6},"end":{"line":54,"column":13}}},"fnMap":{"0":{"name":"compose","decl":{"start":{"line":6,"column":26},"end":{"line":6,"column":33}},"loc":{"start":{"line":7,"column":51},"end":{"line":56,"column":1}},"line":7},"1":{"name":"(anonymous_1)","decl":{"start":{"line":23,"column":13},"end":{"line":23,"column":14}},"loc":{"start":{"line":23,"column":34},"end":{"line":28,"column":7}},"line":23},"2":{"name":"(anonymous_2)","decl":{"start":{"line":31,"column":13},"end":{"line":31,"column":14}},"loc":{"start":{"line":31,"column":44},"end":{"line":37,"column":7}},"line":31},"3":{"name":"(anonymous_3)","decl":{"start":{"line":40,"column":13},"end":{"line":40,"column":14}},"loc":{"start":{"line":40,"column":34},"end":{"line":45,"column":7}},"line":40},"4":{"name":"(anonymous_4)","decl":{"start":{"line":47,"column":13},"end":{"line":47,"column":14}},"loc":{"start":{"line":47,"column":44},"end":{"line":52,"column":7}},"line":47}},"branchMap":{"0":{"loc":{"start":{"line":13,"column":2},"end":{"line":15,"column":5}},"type":"if","locations":[{"start":{"line":13,"column":2},"end":{"line":15,"column":5}},{"start":{"line":13,"column":2},"end":{"line":15,"column":5}}],"line":13},"1":{"loc":{"start":{"line":20,"column":2},"end":{"line":55,"column":3}},"type":"switch","locations":[{"start":{"line":21,"column":4},"end":{"line":28,"column":8}},{"start":{"line":29,"column":4},"end":{"line":37,"column":8}},{"start":{"line":38,"column":4},"end":{"line":45,"column":8}},{"start":{"line":46,"column":4},"end":{"line":52,"column":8}},{"start":{"line":53,"column":4},"end":{"line":54,"column":13}}],"line":20}},"s":{"0":3,"1":3,"2":3,"3":1,"4":1,"5":1,"6":0,"7":1,"8":1,"9":0,"10":0,"11":0,"12":0,"13":0,"14":0,"15":0,"16":0,"17":0,"18":0,"19":0,"20":0,"21":0,"22":0,"23":0,"24":0,"25":1,"26":0,"27":0,"28":0,"29":0,"30":0},"f":{"0":1,"1":0,"2":0,"3":0,"4":0},"b":{"0":[0,1],"1":[0,0,0,1,0]},"_coverageSchema":"43e27e138ebf9cfc5966b082cf9a028302ed4184","hash":"bfd2329ae0d55912eaefc1786d15a5c927bea0af"}
,"/Users/morgancrena/Desktop/Mini Desktop/Codesmith NY12/Production Project/firecomm/lib/context/context.js": {"path":"/Users/morgancrena/Desktop/Mini Desktop/Codesmith NY12/Production Project/firecomm/lib/context/context.js","statementMap":{"0":{"start":{"line":1,"column":13},"end":{"line":1,"column":28}},"1":{"start":{"line":5,"column":4},"end":{"line":5,"column":21}},"2":{"start":{"line":6,"column":4},"end":{"line":6,"column":29}},"3":{"start":{"line":7,"column":4},"end":{"line":7,"column":30}},"4":{"start":{"line":8,"column":4},"end":{"line":8,"column":57}},"5":{"start":{"line":9,"column":4},"end":{"line":9,"column":35}},"6":{"start":{"line":10,"column":4},"end":{"line":10,"column":29}},"7":{"start":{"line":14,"column":4},"end":{"line":17,"column":5}},"8":{"start":{"line":15,"column":6},"end":{"line":16,"column":166}},"9":{"start":{"line":18,"column":4},"end":{"line":18,"column":41}},"10":{"start":{"line":22,"column":4},"end":{"line":24,"column":7}},"11":{"start":{"line":23,"column":6},"end":{"line":23,"column":42}},"12":{"start":{"line":25,"column":17},"end":{"line":25,"column":40}},"13":{"start":{"line":26,"column":4},"end":{"line":28,"column":5}},"14":{"start":{"line":26,"column":17},"end":{"line":26,"column":18}},"15":{"start":{"line":27,"column":6},"end":{"line":27,"column":54}},"16":{"start":{"line":32,"column":4},"end":{"line":34,"column":7}},"17":{"start":{"line":33,"column":6},"end":{"line":33,"column":41}},"18":{"start":{"line":35,"column":17},"end":{"line":35,"column":40}},"19":{"start":{"line":36,"column":4},"end":{"line":38,"column":5}},"20":{"start":{"line":36,"column":17},"end":{"line":36,"column":18}},"21":{"start":{"line":37,"column":6},"end":{"line":37,"column":53}},"22":{"start":{"line":42,"column":4},"end":{"line":44,"column":5}},"23":{"start":{"line":43,"column":6},"end":{"line":43,"column":44}},"24":{"start":{"line":45,"column":4},"end":{"line":45,"column":51}},"25":{"start":{"line":51,"column":4},"end":{"line":51,"column":21}},"26":{"start":{"line":52,"column":4},"end":{"line":52,"column":29}},"27":{"start":{"line":56,"column":4},"end":{"line":56,"column":33}},"28":{"start":{"line":60,"column":4},"end":{"line":63,"column":5}},"29":{"start":{"line":61,"column":6},"end":{"line":62,"column":166}},"30":{"start":{"line":64,"column":4},"end":{"line":64,"column":41}},"31":{"start":{"line":68,"column":4},"end":{"line":70,"column":7}},"32":{"start":{"line":69,"column":6},"end":{"line":69,"column":41}},"33":{"start":{"line":71,"column":17},"end":{"line":71,"column":40}},"34":{"start":{"line":72,"column":4},"end":{"line":74,"column":5}},"35":{"start":{"line":72,"column":17},"end":{"line":72,"column":18}},"36":{"start":{"line":73,"column":6},"end":{"line":73,"column":53}},"37":{"start":{"line":78,"column":4},"end":{"line":80,"column":7}},"38":{"start":{"line":79,"column":6},"end":{"line":79,"column":42}},"39":{"start":{"line":81,"column":17},"end":{"line":81,"column":40}},"40":{"start":{"line":82,"column":4},"end":{"line":84,"column":5}},"41":{"start":{"line":82,"column":17},"end":{"line":82,"column":18}},"42":{"start":{"line":83,"column":6},"end":{"line":83,"column":54}},"43":{"start":{"line":88,"column":4},"end":{"line":90,"column":5}},"44":{"start":{"line":89,"column":6},"end":{"line":89,"column":44}},"45":{"start":{"line":91,"column":4},"end":{"line":91,"column":51}},"46":{"start":{"line":95,"column":4},"end":{"line":95,"column":19}},"47":{"start":{"line":101,"column":4},"end":{"line":101,"column":21}},"48":{"start":{"line":102,"column":4},"end":{"line":102,"column":57}},"49":{"start":{"line":106,"column":4},"end":{"line":109,"column":5}},"50":{"start":{"line":107,"column":6},"end":{"line":108,"column":166}},"51":{"start":{"line":110,"column":4},"end":{"line":110,"column":33}},"52":{"start":{"line":114,"column":4},"end":{"line":114,"column":35}},"53":{"start":{"line":118,"column":21},"end":{"line":118,"column":40}},"54":{"start":{"line":119,"column":17},"end":{"line":119,"column":40}},"55":{"start":{"line":120,"column":4},"end":{"line":122,"column":5}},"56":{"start":{"line":120,"column":17},"end":{"line":120,"column":18}},"57":{"start":{"line":121,"column":6},"end":{"line":121,"column":49}},"58":{"start":{"line":123,"column":4},"end":{"line":123,"column":37}},"59":{"start":{"line":127,"column":4},"end":{"line":127,"column":28}},"60":{"start":{"line":133,"column":4},"end":{"line":133,"column":21}},"61":{"start":{"line":137,"column":4},"end":{"line":137,"column":34}},"62":{"start":{"line":141,"column":4},"end":{"line":141,"column":35}},"63":{"start":{"line":145,"column":4},"end":{"line":145,"column":20}},"64":{"start":{"line":149,"column":4},"end":{"line":152,"column":5}},"65":{"start":{"line":150,"column":6},"end":{"line":151,"column":166}},"66":{"start":{"line":153,"column":4},"end":{"line":153,"column":33}},"67":{"start":{"line":157,"column":4},"end":{"line":157,"column":29}},"68":{"start":{"line":161,"column":21},"end":{"line":161,"column":40}},"69":{"start":{"line":162,"column":17},"end":{"line":162,"column":40}},"70":{"start":{"line":163,"column":4},"end":{"line":165,"column":5}},"71":{"start":{"line":163,"column":17},"end":{"line":163,"column":18}},"72":{"start":{"line":164,"column":6},"end":{"line":164,"column":49}},"73":{"start":{"line":166,"column":4},"end":{"line":166,"column":37}},"74":{"start":{"line":170,"column":0},"end":{"line":175,"column":2}}},"fnMap":{"0":{"name":"(anonymous_0)","decl":{"start":{"line":4,"column":2},"end":{"line":4,"column":3}},"loc":{"start":{"line":4,"column":30},"end":{"line":11,"column":5}},"line":4},"1":{"name":"(anonymous_1)","decl":{"start":{"line":13,"column":2},"end":{"line":13,"column":3}},"loc":{"start":{"line":13,"column":13},"end":{"line":19,"column":3}},"line":13},"2":{"name":"(anonymous_2)","decl":{"start":{"line":21,"column":2},"end":{"line":21,"column":3}},"loc":{"start":{"line":21,"column":22},"end":{"line":29,"column":3}},"line":21},"3":{"name":"(anonymous_3)","decl":{"start":{"line":31,"column":2},"end":{"line":31,"column":3}},"loc":{"start":{"line":31,"column":24},"end":{"line":39,"column":3}},"line":31},"4":{"name":"(anonymous_4)","decl":{"start":{"line":41,"column":2},"end":{"line":41,"column":3}},"loc":{"start":{"line":41,"column":21},"end":{"line":46,"column":3}},"line":41},"5":{"name":"(anonymous_5)","decl":{"start":{"line":50,"column":2},"end":{"line":50,"column":3}},"loc":{"start":{"line":50,"column":30},"end":{"line":53,"column":3}},"line":50},"6":{"name":"(anonymous_6)","decl":{"start":{"line":55,"column":2},"end":{"line":55,"column":3}},"loc":{"start":{"line":55,"column":22},"end":{"line":57,"column":5}},"line":55},"7":{"name":"(anonymous_7)","decl":{"start":{"line":59,"column":2},"end":{"line":59,"column":3}},"loc":{"start":{"line":59,"column":13},"end":{"line":65,"column":3}},"line":59},"8":{"name":"(anonymous_8)","decl":{"start":{"line":67,"column":2},"end":{"line":67,"column":3}},"loc":{"start":{"line":67,"column":24},"end":{"line":75,"column":3}},"line":67},"9":{"name":"(anonymous_9)","decl":{"start":{"line":77,"column":2},"end":{"line":77,"column":3}},"loc":{"start":{"line":77,"column":22},"end":{"line":85,"column":3}},"line":77},"10":{"name":"(anonymous_10)","decl":{"start":{"line":87,"column":2},"end":{"line":87,"column":3}},"loc":{"start":{"line":87,"column":21},"end":{"line":92,"column":3}},"line":87},"11":{"name":"(anonymous_11)","decl":{"start":{"line":94,"column":2},"end":{"line":94,"column":3}},"loc":{"start":{"line":94,"column":8},"end":{"line":96,"column":3}},"line":94},"12":{"name":"(anonymous_12)","decl":{"start":{"line":100,"column":2},"end":{"line":100,"column":3}},"loc":{"start":{"line":100,"column":20},"end":{"line":103,"column":5}},"line":100},"13":{"name":"(anonymous_13)","decl":{"start":{"line":105,"column":2},"end":{"line":105,"column":3}},"loc":{"start":{"line":105,"column":13},"end":{"line":111,"column":3}},"line":105},"14":{"name":"(anonymous_14)","decl":{"start":{"line":113,"column":2},"end":{"line":113,"column":3}},"loc":{"start":{"line":113,"column":23},"end":{"line":115,"column":3}},"line":113},"15":{"name":"(anonymous_15)","decl":{"start":{"line":117,"column":2},"end":{"line":117,"column":3}},"loc":{"start":{"line":117,"column":23},"end":{"line":124,"column":3}},"line":117},"16":{"name":"(anonymous_16)","decl":{"start":{"line":126,"column":2},"end":{"line":126,"column":3}},"loc":{"start":{"line":126,"column":17},"end":{"line":128,"column":3}},"line":126},"17":{"name":"(anonymous_17)","decl":{"start":{"line":132,"column":2},"end":{"line":132,"column":3}},"loc":{"start":{"line":132,"column":20},"end":{"line":134,"column":3}},"line":132},"18":{"name":"(anonymous_18)","decl":{"start":{"line":136,"column":2},"end":{"line":136,"column":3}},"loc":{"start":{"line":136,"column":22},"end":{"line":138,"column":3}},"line":136},"19":{"name":"(anonymous_19)","decl":{"start":{"line":140,"column":2},"end":{"line":140,"column":3}},"loc":{"start":{"line":140,"column":23},"end":{"line":142,"column":3}},"line":140},"20":{"name":"(anonymous_20)","decl":{"start":{"line":144,"column":2},"end":{"line":144,"column":3}},"loc":{"start":{"line":144,"column":8},"end":{"line":146,"column":5}},"line":144},"21":{"name":"(anonymous_21)","decl":{"start":{"line":148,"column":2},"end":{"line":148,"column":3}},"loc":{"start":{"line":148,"column":13},"end":{"line":154,"column":3}},"line":148},"22":{"name":"(anonymous_22)","decl":{"start":{"line":156,"column":2},"end":{"line":156,"column":3}},"loc":{"start":{"line":156,"column":17},"end":{"line":158,"column":3}},"line":156},"23":{"name":"(anonymous_23)","decl":{"start":{"line":160,"column":2},"end":{"line":160,"column":3}},"loc":{"start":{"line":160,"column":23},"end":{"line":167,"column":3}},"line":160}},"branchMap":{"0":{"loc":{"start":{"line":14,"column":4},"end":{"line":17,"column":5}},"type":"if","locations":[{"start":{"line":14,"column":4},"end":{"line":17,"column":5}},{"start":{"line":14,"column":4},"end":{"line":17,"column":5}}],"line":14},"1":{"loc":{"start":{"line":22,"column":4},"end":{"line":24,"column":7}},"type":"if","locations":[{"start":{"line":22,"column":4},"end":{"line":24,"column":7}},{"start":{"line":22,"column":4},"end":{"line":24,"column":7}}],"line":22},"2":{"loc":{"start":{"line":32,"column":4},"end":{"line":34,"column":7}},"type":"if","locations":[{"start":{"line":32,"column":4},"end":{"line":34,"column":7}},{"start":{"line":32,"column":4},"end":{"line":34,"column":7}}],"line":32},"3":{"loc":{"start":{"line":41,"column":7},"end":{"line":41,"column":19}},"type":"default-arg","locations":[{"start":{"line":41,"column":17},"end":{"line":41,"column":19}}],"line":41},"4":{"loc":{"start":{"line":42,"column":4},"end":{"line":44,"column":5}},"type":"if","locations":[{"start":{"line":42,"column":4},"end":{"line":44,"column":5}},{"start":{"line":42,"column":4},"end":{"line":44,"column":5}}],"line":42},"5":{"loc":{"start":{"line":60,"column":4},"end":{"line":63,"column":5}},"type":"if","locations":[{"start":{"line":60,"column":4},"end":{"line":63,"column":5}},{"start":{"line":60,"column":4},"end":{"line":63,"column":5}}],"line":60},"6":{"loc":{"start":{"line":68,"column":4},"end":{"line":70,"column":7}},"type":"if","locations":[{"start":{"line":68,"column":4},"end":{"line":70,"column":7}},{"start":{"line":68,"column":4},"end":{"line":70,"column":7}}],"line":68},"7":{"loc":{"start":{"line":78,"column":4},"end":{"line":80,"column":7}},"type":"if","locations":[{"start":{"line":78,"column":4},"end":{"line":80,"column":7}},{"start":{"line":78,"column":4},"end":{"line":80,"column":7}}],"line":78},"8":{"loc":{"start":{"line":87,"column":7},"end":{"line":87,"column":19}},"type":"default-arg","locations":[{"start":{"line":87,"column":17},"end":{"line":87,"column":19}}],"line":87},"9":{"loc":{"start":{"line":88,"column":4},"end":{"line":90,"column":5}},"type":"if","locations":[{"start":{"line":88,"column":4},"end":{"line":90,"column":5}},{"start":{"line":88,"column":4},"end":{"line":90,"column":5}}],"line":88},"10":{"loc":{"start":{"line":106,"column":4},"end":{"line":109,"column":5}},"type":"if","locations":[{"start":{"line":106,"column":4},"end":{"line":109,"column":5}},{"start":{"line":106,"column":4},"end":{"line":109,"column":5}}],"line":106},"11":{"loc":{"start":{"line":149,"column":4},"end":{"line":152,"column":5}},"type":"if","locations":[{"start":{"line":149,"column":4},"end":{"line":152,"column":5}},{"start":{"line":149,"column":4},"end":{"line":152,"column":5}}],"line":149}},"s":{"0":3,"1":0,"2":0,"3":0,"4":0,"5":0,"6":0,"7":0,"8":0,"9":0,"10":0,"11":0,"12":0,"13":0,"14":0,"15":0,"16":0,"17":0,"18":0,"19":0,"20":0,"21":0,"22":0,"23":0,"24":0,"25":0,"26":0,"27":0,"28":0,"29":0,"30":0,"31":0,"32":0,"33":0,"34":0,"35":0,"36":0,"37":0,"38":0,"39":0,"40":0,"41":0,"42":0,"43":0,"44":0,"45":0,"46":0,"47":0,"48":0,"49":0,"50":0,"51":0,"52":0,"53":0,"54":0,"55":0,"56":0,"57":0,"58":0,"59":0,"60":0,"61":0,"62":0,"63":0,"64":0,"65":0,"66":0,"67":0,"68":0,"69":0,"70":0,"71":0,"72":0,"73":0,"74":3},"f":{"0":0,"1":0,"2":0,"3":0,"4":0,"5":0,"6":0,"7":0,"8":0,"9":0,"10":0,"11":0,"12":0,"13":0,"14":0,"15":0,"16":0,"17":0,"18":0,"19":0,"20":0,"21":0,"22":0,"23":0},"b":{"0":[0,0],"1":[0,0],"2":[0,0],"3":[0],"4":[0,0],"5":[0,0],"6":[0,0],"7":[0,0],"8":[0],"9":[0,0],"10":[0,0],"11":[0,0]},"_coverageSchema":"43e27e138ebf9cfc5966b082cf9a028302ed4184","hash":"e9ef005e2e849bc70f0ff7fcd2c5e22865f94731"}
,"/Users/morgancrena/Desktop/Mini Desktop/Codesmith NY12/Production Project/firecomm/lib/utils/generateMeta.js": {"path":"/Users/morgancrena/Desktop/Mini Desktop/Codesmith NY12/Production Project/firecomm/lib/utils/generateMeta.js","statementMap":{"0":{"start":{"line":1,"column":13},"end":{"line":1,"column":28}},"1":{"start":{"line":3,"column":0},"end":{"line":12,"column":1}},"2":{"start":{"line":4,"column":2},"end":{"line":6,"column":5}},"3":{"start":{"line":5,"column":4},"end":{"line":5,"column":21}},"4":{"start":{"line":7,"column":19},"end":{"line":7,"column":38}},"5":{"start":{"line":8,"column":15},"end":{"line":8,"column":38}},"6":{"start":{"line":9,"column":2},"end":{"line":11,"column":3}},"7":{"start":{"line":9,"column":15},"end":{"line":9,"column":16}},"8":{"start":{"line":10,"column":4},"end":{"line":10,"column":47}}},"fnMap":{"0":{"name":"generateMeta","decl":{"start":{"line":3,"column":26},"end":{"line":3,"column":38}},"loc":{"start":{"line":3,"column":51},"end":{"line":12,"column":1}},"line":3}},"branchMap":{"0":{"loc":{"start":{"line":4,"column":2},"end":{"line":6,"column":5}},"type":"if","locations":[{"start":{"line":4,"column":2},"end":{"line":6,"column":5}},{"start":{"line":4,"column":2},"end":{"line":6,"column":5}}],"line":4}},"s":{"0":2,"1":2,"2":0,"3":0,"4":0,"5":0,"6":0,"7":0,"8":0},"f":{"0":0},"b":{"0":[0,0]},"_coverageSchema":"43e27e138ebf9cfc5966b082cf9a028302ed4184","hash":"4cccf7fc752240b20bab7599da7790390c27ab1d"}
,"/Users/morgancrena/Desktop/Mini Desktop/Codesmith NY12/Production Project/firecomm/lib/utils/getMethodType.js": {"path":"/Users/morgancrena/Desktop/Mini Desktop/Codesmith NY12/Production Project/firecomm/lib/utils/getMethodType.js","statementMap":{"0":{"start":{"line":1,"column":0},"end":{"line":14,"column":1}},"1":{"start":{"line":2,"column":24},"end":{"line":2,"column":54}},"2":{"start":{"line":3,"column":25},"end":{"line":3,"column":56}},"3":{"start":{"line":4,"column":2},"end":{"line":6,"column":5}},"4":{"start":{"line":5,"column":4},"end":{"line":5,"column":20}},"5":{"start":{"line":7,"column":2},"end":{"line":9,"column":5}},"6":{"start":{"line":8,"column":4},"end":{"line":8,"column":26}},"7":{"start":{"line":10,"column":2},"end":{"line":12,"column":5}},"8":{"start":{"line":11,"column":4},"end":{"line":11,"column":26}},"9":{"start":{"line":13,"column":2},"end":{"line":13,"column":17}}},"fnMap":{"0":{"name":"getMethodType","decl":{"start":{"line":1,"column":26},"end":{"line":1,"column":39}},"loc":{"start":{"line":1,"column":58},"end":{"line":14,"column":1}},"line":1}},"branchMap":{"0":{"loc":{"start":{"line":4,"column":2},"end":{"line":6,"column":5}},"type":"if","locations":[{"start":{"line":4,"column":2},"end":{"line":6,"column":5}},{"start":{"line":4,"column":2},"end":{"line":6,"column":5}}],"line":4},"1":{"loc":{"start":{"line":4,"column":6},"end":{"line":4,"column":37}},"type":"binary-expr","locations":[{"start":{"line":4,"column":6},"end":{"line":4,"column":19}},{"start":{"line":4,"column":23},"end":{"line":4,"column":37}}],"line":4},"2":{"loc":{"start":{"line":7,"column":2},"end":{"line":9,"column":5}},"type":"if","locations":[{"start":{"line":7,"column":2},"end":{"line":9,"column":5}},{"start":{"line":7,"column":2},"end":{"line":9,"column":5}}],"line":7},"3":{"loc":{"start":{"line":10,"column":2},"end":{"line":12,"column":5}},"type":"if","locations":[{"start":{"line":10,"column":2},"end":{"line":12,"column":5}},{"start":{"line":10,"column":2},"end":{"line":12,"column":5}}],"line":10}},"s":{"0":3,"1":1,"2":1,"3":1,"4":0,"5":1,"6":0,"7":1,"8":0,"9":1},"f":{"0":1},"b":{"0":[0,1],"1":[1,0],"2":[0,1],"3":[0,1]},"_coverageSchema":"43e27e138ebf9cfc5966b082cf9a028302ed4184","hash":"4cdb1ab71b816e3f341e2fdf21fcdf0f12e664fa"}
}
