TN:
SF:/Users/morgancrena/Desktop/Mini Desktop/Codesmith NY12/Production Project/firecomm/index.js
FNF:0
FNH:0
DA:1,2
DA:2,2
DA:4,2
DA:5,2
DA:6,2
DA:8,2
LF:6
LH:6
BRF:0
BRH:0
end_of_record
TN:
SF:/Users/morgancrena/Desktop/Mini Desktop/Codesmith NY12/Production Project/firecomm/lib/Server.js
FN:6,(anonymous_0)
FN:18,(anonymous_1)
FN:84,(anonymous_2)
FN:92,(anonymous_3)
FN:118,(anonymous_4)
FNF:5
FNH:0
FNDA:0,(anonymous_0)
FNDA:0,(anonymous_1)
FNDA:0,(anonymous_2)
FNDA:0,(anonymous_3)
FNDA:0,(anonymous_4)
DA:1,2
DA:2,2
DA:3,2
DA:5,2
DA:7,0
DA:21,0
DA:22,0
DA:24,0
DA:26,0
DA:27,0
DA:28,0
DA:29,0
DA:30,0
DA:31,0
DA:32,0
DA:34,0
DA:37,0
DA:38,0
DA:41,0
DA:43,0
DA:44,0
DA:86,0
DA:87,0
DA:88,0
DA:92,0
DA:94,0
DA:96,0
DA:97,0
DA:98,0
DA:101,0
DA:103,0
DA:106,0
DA:107,0
DA:109,0
DA:111,0
DA:119,0
LF:36
LH:4
BRDA:21,0,0,0
BRDA:21,0,1,0
BRDA:30,1,0,0
BRDA:30,1,1,0
BRDA:31,2,0,0
BRDA:31,2,1,0
BRDA:37,3,0,0
BRDA:37,3,1,0
BRDA:87,4,0,0
BRDA:87,4,1,0
BRDA:97,5,0,0
BRDA:97,5,1,0
BRF:12
BRH:0
end_of_record
TN:
SF:/Users/morgancrena/Desktop/Mini Desktop/Codesmith NY12/Production Project/firecomm/lib/Stub.js
FN:10,Stub
FN:12,(anonymous_1)
FN:21,(anonymous_2)
FN:27,(anonymous_3)
FN:33,(anonymous_4)
FN:35,(anonymous_5)
FN:49,(anonymous_6)
FN:56,(anonymous_7)
FN:63,(anonymous_8)
FNF:9
FNH:2
FNDA:1,Stub
FNDA:1,(anonymous_1)
FNDA:0,(anonymous_2)
FNDA:0,(anonymous_3)
FNDA:0,(anonymous_4)
FNDA:0,(anonymous_5)
FNDA:0,(anonymous_6)
FNDA:0,(anonymous_7)
FNDA:0,(anonymous_8)
DA:1,2
DA:2,2
DA:4,2
DA:6,2
DA:8,2
DA:10,2
DA:13,1
DA:14,1
DA:22,0
DA:23,0
DA:25,0
DA:26,0
DA:27,0
DA:29,0
DA:30,0
DA:31,0
DA:32,0
DA:33,0
DA:34,0
DA:36,0
DA:37,0
DA:38,0
DA:40,0
DA:44,0
DA:47,0
DA:48,0
DA:49,0
DA:50,0
DA:51,0
DA:52,0
DA:54,0
DA:55,0
DA:56,0
DA:57,0
DA:58,0
DA:59,0
DA:61,0
DA:62,0
DA:63,0
DA:64,0
DA:65,0
DA:66,0
DA:69,0
DA:73,1
DA:74,1
DA:77,0
DA:78,0
DA:79,0
LF:48
LH:10
BRDA:26,0,0,0
BRDA:26,0,1,0
BRDA:31,1,0,0
BRDA:31,1,1,0
BRDA:37,2,0,0
BRDA:37,2,1,0
BRDA:47,3,0,0
BRDA:47,3,1,0
BRDA:54,4,0,0
BRDA:54,4,1,0
BRDA:61,5,0,0
BRDA:61,5,1,0
BRDA:73,6,0,1
BRDA:73,6,1,0
BRF:14
BRH:1
end_of_record
TN:
SF:/Users/morgancrena/Desktop/Mini Desktop/Codesmith NY12/Production Project/firecomm/lib/build.js
FN:4,build
FNF:1
FNH:0
FNDA:0,build
DA:1,2
DA:2,2
DA:4,2
DA:11,0
DA:21,0
DA:22,0
DA:23,0
LF:7
LH:3
BRDA:4,0,0,0
BRF:1
BRH:0
end_of_record
TN:
SF:/Users/morgancrena/Desktop/Mini Desktop/Codesmith NY12/Production Project/firecomm/lib/clientMethods.js
FN:1,Promisify
FN:4,(anonymous_1)
FN:6,(anonymous_2)
FN:8,(anonymous_3)
FNF:4
FNH:0
FNDA:0,Promisify
FNDA:0,(anonymous_1)
FNDA:0,(anonymous_2)
FNDA:0,(anonymous_3)
DA:2,0
DA:3,0
DA:4,0
DA:5,0
DA:6,0
DA:7,0
DA:8,0
DA:9,0
DA:10,0
DA:12,0
DA:18,2
LF:11
LH:1
BRDA:9,0,0,0
BRDA:9,0,1,0
BRF:2
BRH:0
end_of_record
TN:
SF:/Users/morgancrena/Desktop/Mini Desktop/Codesmith NY12/Production Project/firecomm/lib/compose.js
FN:6,compose
FN:23,(anonymous_1)
FN:31,(anonymous_2)
FN:40,(anonymous_3)
FN:47,(anonymous_4)
FNF:5
FNH:1
FNDA:1,compose
FNDA:0,(anonymous_1)
FNDA:0,(anonymous_2)
FNDA:0,(anonymous_3)
FNDA:0,(anonymous_4)
DA:2,3
DA:4,3
DA:6,3
DA:11,1
DA:12,1
DA:13,1
DA:14,0
DA:16,1
DA:20,1
DA:23,0
DA:24,0
DA:25,0
DA:26,0
DA:31,0
DA:32,0
DA:33,0
DA:34,0
DA:35,0
DA:40,0
DA:41,0
DA:42,0
DA:43,0
DA:47,1
DA:48,0
DA:49,0
DA:50,0
DA:54,0
LF:27
LH:9
BRDA:13,0,0,0
BRDA:13,0,1,1
BRDA:20,1,0,0
BRDA:20,1,1,0
BRDA:20,1,2,0
BRDA:20,1,3,1
BRDA:20,1,4,0
BRF:7
BRH:2
end_of_record
TN:
SF:/Users/morgancrena/Desktop/Mini Desktop/Codesmith NY12/Production Project/firecomm/lib/context/context.js
FN:4,(anonymous_0)
FN:13,(anonymous_1)
FN:21,(anonymous_2)
FN:31,(anonymous_3)
FN:41,(anonymous_4)
FN:50,(anonymous_5)
FN:55,(anonymous_6)
FN:59,(anonymous_7)
FN:67,(anonymous_8)
FN:77,(anonymous_9)
FN:87,(anonymous_10)
FN:94,(anonymous_11)
FN:100,(anonymous_12)
FN:105,(anonymous_13)
FN:113,(anonymous_14)
FN:117,(anonymous_15)
FN:126,(anonymous_16)
FN:132,(anonymous_17)
FN:136,(anonymous_18)
FN:140,(anonymous_19)
FN:144,(anonymous_20)
FN:148,(anonymous_21)
FN:156,(anonymous_22)
FN:160,(anonymous_23)
FNF:24
FNH:0
FNDA:0,(anonymous_0)
FNDA:0,(anonymous_1)
FNDA:0,(anonymous_2)
FNDA:0,(anonymous_3)
FNDA:0,(anonymous_4)
FNDA:0,(anonymous_5)
FNDA:0,(anonymous_6)
FNDA:0,(anonymous_7)
FNDA:0,(anonymous_8)
FNDA:0,(anonymous_9)
FNDA:0,(anonymous_10)
FNDA:0,(anonymous_11)
FNDA:0,(anonymous_12)
FNDA:0,(anonymous_13)
FNDA:0,(anonymous_14)
FNDA:0,(anonymous_15)
FNDA:0,(anonymous_16)
FNDA:0,(anonymous_17)
FNDA:0,(anonymous_18)
FNDA:0,(anonymous_19)
FNDA:0,(anonymous_20)
FNDA:0,(anonymous_21)
FNDA:0,(anonymous_22)
FNDA:0,(anonymous_23)
DA:1,3
DA:5,0
DA:6,0
DA:7,0
DA:8,0
DA:9,0
DA:10,0
DA:14,0
DA:15,0
DA:18,0
DA:22,0
DA:23,0
DA:25,0
DA:26,0
DA:27,0
DA:32,0
DA:33,0
DA:35,0
DA:36,0
DA:37,0
DA:42,0
DA:43,0
DA:45,0
DA:51,0
DA:52,0
DA:56,0
DA:60,0
DA:61,0
DA:64,0
DA:68,0
DA:69,0
DA:71,0
DA:72,0
DA:73,0
DA:78,0
DA:79,0
DA:81,0
DA:82,0
DA:83,0
DA:88,0
DA:89,0
DA:91,0
DA:95,0
DA:101,0
DA:102,0
DA:106,0
DA:107,0
DA:110,0
DA:114,0
DA:118,0
DA:119,0
DA:120,0
DA:121,0
DA:123,0
DA:127,0
DA:133,0
DA:137,0
DA:141,0
DA:145,0
DA:149,0
DA:150,0
DA:153,0
DA:157,0
DA:161,0
DA:162,0
DA:163,0
DA:164,0
DA:166,0
DA:170,3
LF:69
LH:2
BRDA:14,0,0,0
BRDA:14,0,1,0
BRDA:22,1,0,0
BRDA:22,1,1,0
BRDA:32,2,0,0
BRDA:32,2,1,0
BRDA:41,3,0,0
BRDA:42,4,0,0
BRDA:42,4,1,0
BRDA:60,5,0,0
BRDA:60,5,1,0
BRDA:68,6,0,0
BRDA:68,6,1,0
BRDA:78,7,0,0
BRDA:78,7,1,0
BRDA:87,8,0,0
BRDA:88,9,0,0
BRDA:88,9,1,0
BRDA:106,10,0,0
BRDA:106,10,1,0
BRDA:149,11,0,0
BRDA:149,11,1,0
BRF:22
BRH:0
end_of_record
TN:
SF:/Users/morgancrena/Desktop/Mini Desktop/Codesmith NY12/Production Project/firecomm/lib/utils/generateMeta.js
FN:3,generateMeta
FNF:1
FNH:0
FNDA:0,generateMeta
DA:1,2
DA:3,2
DA:4,0
DA:5,0
DA:7,0
DA:8,0
DA:9,0
DA:10,0
LF:8
LH:2
BRDA:4,0,0,0
BRDA:4,0,1,0
BRF:2
BRH:0
end_of_record
TN:
SF:/Users/morgancrena/Desktop/Mini Desktop/Codesmith NY12/Production Project/firecomm/lib/utils/getMethodType.js
FN:1,getMethodType
FNF:1
FNH:1
FNDA:1,getMethodType
DA:1,3
DA:2,1
DA:3,1
DA:4,1
DA:5,0
DA:7,1
DA:8,0
DA:10,1
DA:11,0
DA:13,1
LF:10
LH:7
BRDA:4,0,0,0
BRDA:4,0,1,1
BRDA:4,1,0,1
BRDA:4,1,1,0
BRDA:7,2,0,0
BRDA:7,2,1,1
BRDA:10,3,0,0
BRDA:10,3,1,1
BRF:8
BRH:4
end_of_record
